INFO:root:this is a log
INFO:root:this is a log
INFO:root:this is a log
INFO:root:this is a log
INFO:root:this is a log
INFO:root:this is a log
INFO:root:this is a log
INFO:root:this is a log
INFO:root:this is a log
INFO:root:this is a log
INFO:root:this is a log
INFO:root:this is a log
INFO:root:this is a log
INFO:root:this is a log
INFO:root:this is a log
INFO:root:this is a log
INFO:root:this is a log
INFO:root:this is a log
INFO:root:===============
INFO:root:start({'devices': '37KNW18529001041\tunauthorized', 'num': 1})
INFO:root:start({'devices': '37KNW18529001041', 'num': 1})
INFO:root:start({'devices': '37KNW18529001041\tunauthorized', 'num': 1})
INFO:root:start({'devices': '37KNW18529001041\tunauthorized', 'num': 1})
INFO:root:start({'devices': '37KNW18529001041\tunauthorized', 'num': 1})
INFO:root:start({'devices': '37KNW18529001041\tunauthorized', 'num': 1})
INFO:root:start({'devices': '37KNW18529001041', 'num': 1})
INFO:root:start({'devices': '37KNW18529001041\tunauthorized', 'num': 1})
INFO:root:start({'devices': '37KNW18529001041', 'num': 2})
INFO:root:start({'devices': 'DRB5T18722002462', 'num': 2})
INFO:root:app[devices]({'cpu': 'E:\\Python\\monkeyTest\\info\\37KNW18529001041_cpu.pickle', 'men': 'E:\\Python\\monkeyTest\\info\\37KNW18529001041_men.pickle', 'flow': 'E:\\Python\\monkeyTest\\info\\37KNW18529001041_flow.pickle', 'battery': 'E:\\Python\\monkeyTest\\info\\37KNW18529001041_battery.pickle', 'fps': 'E:\\Python\\monkeyTest\\info\\37KNW18529001041_fps.pickle', 'header': {'phone_name': 'Permission denied_Permission denied_Permission denied', 'pix': '1080x2280', 'rom': 3879576, 'kel': '8ºË'}})
INFO:root:mc: {'package_name': 'com.netease.play', 'net': 'gprs', 'cmd': 'monkey -p com.netease.play --throttle 500 --ignore-timeouts --ignore-crashes   --monitor-native-crashes -v -v -v 500 >>E:\\Python\\monkeyTest\\log\\b38659f9-db88-43ee-ae78-8b9c9786693fmonkey.log', 'log': 'E:\\Python\\monkeyTest\\log\\b38659f9-db88-43ee-ae78-8b9c9786693f', 'monkey_log': 'E:\\Python\\monkeyTest\\log\\b38659f9-db88-43ee-ae78-8b9c9786693fmonkey.log'}
INFO:root:start({'devices': '37KNW18529001041', 'num': 2})
INFO:root:start({'devices': 'DRB5T18722002462', 'num': 2})
INFO:root:app[devices]({'cpu': 'E:\\Python\\monkeyTest\\info\\37KNW18529001041_cpu.pickle', 'men': 'E:\\Python\\monkeyTest\\info\\37KNW18529001041_men.pickle', 'flow': 'E:\\Python\\monkeyTest\\info\\37KNW18529001041_flow.pickle', 'battery': 'E:\\Python\\monkeyTest\\info\\37KNW18529001041_battery.pickle', 'fps': 'E:\\Python\\monkeyTest\\info\\37KNW18529001041_fps.pickle', 'header': {'phone_name': 'Permission denied_Permission denied_Permission denied', 'pix': '1080x2280', 'rom': 3879576, 'kel': '8ºË'}})
INFO:root:mc: {'package_name': 'com.netease.play', 'net': 'gprs', 'cmd': 'monkey -p com.netease.play --throttle 500 --ignore-timeouts --ignore-crashes   --monitor-native-crashes -v -v -v 500 >>E:\\Python\\monkeyTest\\log\\f4cbad74-4c58-4091-b362-657515b843bdmonkey.log', 'log': 'E:\\Python\\monkeyTest\\log\\f4cbad74-4c58-4091-b362-657515b843bd', 'monkey_log': 'E:\\Python\\monkeyTest\\log\\f4cbad74-4c58-4091-b362-657515b843bdmonkey.log'}
INFO:root:start({'devices': 'DRB5T18722002462', 'num': 1})
INFO:root:start({'devices': 'DRB5T18722002462', 'num': 1})
INFO:root:app[devices]({'cpu': 'E:\\Python\\monkeyTest\\info\\DRB5T18722002462_cpu.pickle', 'men': 'E:\\Python\\monkeyTest\\info\\DRB5T18722002462_men.pickle', 'flow': 'E:\\Python\\monkeyTest\\info\\DRB5T18722002462_flow.pickle', 'battery': 'E:\\Python\\monkeyTest\\info\\DRB5T18722002462_battery.pickle', 'fps': 'E:\\Python\\monkeyTest\\info\\DRB5T18722002462_fps.pickle', 'header': {'phone_name': 'Permission denied_Permission denied_Permission denied', 'pix': '1080x2340', 'rom': 5849252, 'kel': '8ºË'}})
INFO:root:mc: {'package_name': 'com.netease.play', 'net': 'gprs', 'cmd': 'monkey -p com.netease.play --throttle 500 --ignore-timeouts --ignore-crashes   --monitor-native-crashes -v -v -v 500 >>E:\\Python\\monkeyTest\\log\\23c4e469-cfc8-4a7d-b4f5-0213c78364b0monkey.log', 'log': 'E:\\Python\\monkeyTest\\log\\23c4e469-cfc8-4a7d-b4f5-0213c78364b0', 'monkey_log': 'E:\\Python\\monkeyTest\\log\\23c4e469-cfc8-4a7d-b4f5-0213c78364b0monkey.log'}
INFO:root:start({'devices': 'DRB5T18722002462', 'num': 1})
INFO:root:app[devices]({'cpu': 'E:\\Python\\monkeyTest\\info\\DRB5T18722002462_cpu.pickle', 'men': 'E:\\Python\\monkeyTest\\info\\DRB5T18722002462_men.pickle', 'flow': 'E:\\Python\\monkeyTest\\info\\DRB5T18722002462_flow.pickle', 'battery': 'E:\\Python\\monkeyTest\\info\\DRB5T18722002462_battery.pickle', 'fps': 'E:\\Python\\monkeyTest\\info\\DRB5T18722002462_fps.pickle', 'header': {'phone_name': 'Permission denied_Permission denied_Permission denied', 'pix': '1080x2340', 'rom': 5849252, 'kel': '8ºË'}})
INFO:root:mc: {'package_name': 'com.netease.play', 'net': 'gprs', 'cmd': 'monkey -p com.netease.play --throttle 500 --ignore-timeouts --ignore-crashes   --monitor-native-crashes -v -v -v 500 >>E:\\Python\\monkeyTest\\log\\239735d0-dcc4-45c5-9c2b-5bcc3705d05dmonkey.log', 'log': 'E:\\Python\\monkeyTest\\log\\239735d0-dcc4-45c5-9c2b-5bcc3705d05d', 'monkey_log': 'E:\\Python\\monkeyTest\\log\\239735d0-dcc4-45c5-9c2b-5bcc3705d05dmonkey.log'}
INFO:root:start({'devices': 'DRB5T18722002462', 'num': 2})
INFO:root:app[devices]({'cpu': 'E:\\Python\\monkeyTest\\info\\DRB5T18722002462_cpu.pickle', 'men': 'E:\\Python\\monkeyTest\\info\\DRB5T18722002462_men.pickle', 'flow': 'E:\\Python\\monkeyTest\\info\\DRB5T18722002462_flow.pickle', 'battery': 'E:\\Python\\monkeyTest\\info\\DRB5T18722002462_battery.pickle', 'fps': 'E:\\Python\\monkeyTest\\info\\DRB5T18722002462_fps.pickle', 'header': {'phone_name': 'Permission denied_Permission denied_Permission denied', 'pix': '1080x2340', 'rom': 5849252, 'kel': '8ºË'}})
INFO:root:mc: {'package_name': 'com.netease.play', 'net': 'gprs', 'cmd': 'monkey -p com.netease.play --throttle 500 --ignore-timeouts --ignore-crashes   --monitor-native-crashes -v -v -v 500 >>E:\\Python\\monkeyTest\\log\\d3663510-fb8a-4e07-b20f-3f1775a1c7c8monkey.log', 'log': 'E:\\Python\\monkeyTest\\log\\d3663510-fb8a-4e07-b20f-3f1775a1c7c8', 'monkey_log': 'E:\\Python\\monkeyTest\\log\\d3663510-fb8a-4e07-b20f-3f1775a1c7c8monkey.log'}
INFO:root:app[devices]({'cpu': 'E:\\Python\\monkeyTest\\info\\37KNW18529001041_cpu.pickle', 'men': 'E:\\Python\\monkeyTest\\info\\37KNW18529001041_men.pickle', 'flow': 'E:\\Python\\monkeyTest\\info\\37KNW18529001041_flow.pickle', 'battery': 'E:\\Python\\monkeyTest\\info\\37KNW18529001041_battery.pickle', 'fps': 'E:\\Python\\monkeyTest\\info\\37KNW18529001041_fps.pickle', 'header': {'phone_name': 'Permission denied_Permission denied_Permission denied', 'pix': '1080x2280', 'rom': 3879576, 'kel': '8ºË'}})
INFO:root:mc: {'package_name': 'com.netease.play', 'net': 'gprs', 'cmd': 'monkey -p com.netease.play --throttle 500 --ignore-timeouts --ignore-crashes   --monitor-native-crashes -v -v -v 500 >>E:\\Python\\monkeyTest\\log\\8e530b8b-7c89-4231-92c1-3e922926c047monkey.log', 'log': 'E:\\Python\\monkeyTest\\log\\8e530b8b-7c89-4231-92c1-3e922926c047', 'monkey_log': 'E:\\Python\\monkeyTest\\log\\8e530b8b-7c89-4231-92c1-3e922926c047monkey.log'}
INFO:root:start({'devices': 'DRB5T18722002462', 'num': 2})
INFO:root:app[devices]({'cpu': 'E:\\Python\\monkeyTest\\info\\DRB5T18722002462_cpu.pickle', 'men': 'E:\\Python\\monkeyTest\\info\\DRB5T18722002462_men.pickle', 'flow': 'E:\\Python\\monkeyTest\\info\\DRB5T18722002462_flow.pickle', 'battery': 'E:\\Python\\monkeyTest\\info\\DRB5T18722002462_battery.pickle', 'fps': 'E:\\Python\\monkeyTest\\info\\DRB5T18722002462_fps.pickle', 'header': {'phone_name': 'Permission denied_Permission denied_Permission denied', 'pix': '1080x2340', 'rom': 5849252, 'kel': '8ºË'}})
INFO:root:mc: {'package_name': 'com.netease.play', 'net': 'gprs', 'cmd': 'monkey -p com.netease.play --throttle 500 --ignore-timeouts --ignore-crashes   --monitor-native-crashes -v -v -v 500 >>E:\\Python\\monkeyTest\\log\\3859c4f4-1b1b-44b9-8d58-0dff08dd16a1monkey.log', 'log': 'E:\\Python\\monkeyTest\\log\\3859c4f4-1b1b-44b9-8d58-0dff08dd16a1', 'monkey_log': 'E:\\Python\\monkeyTest\\log\\3859c4f4-1b1b-44b9-8d58-0dff08dd16a1monkey.log'}
INFO:root:app[devices]({'cpu': 'E:\\Python\\monkeyTest\\info\\37KNW18529001041_cpu.pickle', 'men': 'E:\\Python\\monkeyTest\\info\\37KNW18529001041_men.pickle', 'flow': 'E:\\Python\\monkeyTest\\info\\37KNW18529001041_flow.pickle', 'battery': 'E:\\Python\\monkeyTest\\info\\37KNW18529001041_battery.pickle', 'fps': 'E:\\Python\\monkeyTest\\info\\37KNW18529001041_fps.pickle', 'header': {'phone_name': 'Permission denied_Permission denied_Permission denied', 'pix': '1080x2280', 'rom': 3879576, 'kel': '8ºË'}})
INFO:root:mc: {'package_name': 'com.netease.play', 'net': 'gprs', 'cmd': 'monkey -p com.netease.play --throttle 500 --ignore-timeouts --ignore-crashes   --monitor-native-crashes -v -v -v 500 >>E:\\Python\\monkeyTest\\log\\c852abe9-6f69-4564-9394-b7262fcb1a96monkey.log', 'log': 'E:\\Python\\monkeyTest\\log\\c852abe9-6f69-4564-9394-b7262fcb1a96', 'monkey_log': 'E:\\Python\\monkeyTest\\log\\c852abe9-6f69-4564-9394-b7262fcb1a96monkey.log'}
INFO:root:start({'devices': '37KNW18529001041', 'num': 1})
INFO:root:app[devices]({'cpu': 'E:\\Python\\monkeyTest\\info\\37KNW18529001041_cpu.pickle', 'men': 'E:\\Python\\monkeyTest\\info\\37KNW18529001041_men.pickle', 'flow': 'E:\\Python\\monkeyTest\\info\\37KNW18529001041_flow.pickle', 'battery': 'E:\\Python\\monkeyTest\\info\\37KNW18529001041_battery.pickle', 'fps': 'E:\\Python\\monkeyTest\\info\\37KNW18529001041_fps.pickle', 'header': {'phone_name': 'Permission denied_Permission denied_Permission denied', 'pix': '1080x2280', 'rom': 3879576, 'kel': '8ºË'}})
INFO:root:mc: {'package_name': 'com.netease.play', 'net': 'gprs', 'cmd': 'monkey -p com.netease.play --throttle 500 --ignore-timeouts --ignore-crashes   --monitor-native-crashes -v -v -v 500 >>E:\\Python\\monkeyTest\\log\\012d9bfc-75c8-4101-a306-19286954b380monkey.log', 'log': 'E:\\Python\\monkeyTest\\log\\012d9bfc-75c8-4101-a306-19286954b380', 'monkey_log': 'E:\\Python\\monkeyTest\\log\\012d9bfc-75c8-4101-a306-19286954b380monkey.log'}
INFO:root:start({'devices': '37KNW18529001041', 'num': 1})
INFO:root:app[devices]({'cpu': 'E:\\Python\\monkeyTest\\info\\37KNW18529001041_cpu.pickle', 'men': 'E:\\Python\\monkeyTest\\info\\37KNW18529001041_men.pickle', 'flow': 'E:\\Python\\monkeyTest\\info\\37KNW18529001041_flow.pickle', 'battery': 'E:\\Python\\monkeyTest\\info\\37KNW18529001041_battery.pickle', 'fps': 'E:\\Python\\monkeyTest\\info\\37KNW18529001041_fps.pickle', 'header': {'phone_name': 'Permission denied_Permission denied_Permission denied', 'pix': '1080x2280', 'rom': 3879576, 'kel': '8ºË'}})
INFO:root:mc: {'package_name': 'com.netease.play', 'net': 'gprs', 'cmd': 'monkey -p com.netease.play --throttle 500 --ignore-timeouts --ignore-crashes   --monitor-native-crashes -v -v -v 500 >>E:\\Python\\monkeyTest\\log\\a2cef094-a012-4307-82a0-2a524e8603a4monkey.log', 'log': 'E:\\Python\\monkeyTest\\log\\a2cef094-a012-4307-82a0-2a524e8603a4', 'monkey_log': 'E:\\Python\\monkeyTest\\log\\a2cef094-a012-4307-82a0-2a524e8603a4monkey.log'}
INFO:root:start({'devices': '37KNW18529001041', 'num': 1})
INFO:root:app[devices]({'cpu': 'E:\\Python\\monkeyTest\\info\\37KNW18529001041_cpu.pickle', 'men': 'E:\\Python\\monkeyTest\\info\\37KNW18529001041_men.pickle', 'flow': 'E:\\Python\\monkeyTest\\info\\37KNW18529001041_flow.pickle', 'battery': 'E:\\Python\\monkeyTest\\info\\37KNW18529001041_battery.pickle', 'fps': 'E:\\Python\\monkeyTest\\info\\37KNW18529001041_fps.pickle', 'header': {'phone_name': 'Permission denied_Permission denied_Permission denied', 'pix': '1080x2280', 'rom': 3879576, 'kel': '8ºË'}})
INFO:root:mc: {'package_name': 'com.netease.play', 'net': 'gprs', 'cmd': 'monkey -p com.netease.play --throttle 500 --ignore-timeouts --ignore-crashes   --monitor-native-crashes -v -v -v 500 >>E:\\Python\\monkeyTest\\log\\31355c44-01ea-4a36-9427-a3463135c44emonkey.log', 'log': 'E:\\Python\\monkeyTest\\log\\31355c44-01ea-4a36-9427-a3463135c44e', 'monkey_log': 'E:\\Python\\monkeyTest\\log\\31355c44-01ea-4a36-9427-a3463135c44emonkey.log'}
INFO:root:start({'devices': '37KNW18529001041', 'num': 1})
INFO:root:app[devices]({'cpu': 'E:\\Python\\monkeyTest\\info\\37KNW18529001041_cpu.pickle', 'men': 'E:\\Python\\monkeyTest\\info\\37KNW18529001041_men.pickle', 'flow': 'E:\\Python\\monkeyTest\\info\\37KNW18529001041_flow.pickle', 'battery': 'E:\\Python\\monkeyTest\\info\\37KNW18529001041_battery.pickle', 'fps': 'E:\\Python\\monkeyTest\\info\\37KNW18529001041_fps.pickle', 'header': {'phone_name': 'Permission denied_Permission denied_Permission denied', 'pix': '1080x2280', 'rom': 3879576, 'kel': '8ºË'}})
INFO:root:mc: {'package_name': 'com.netease.play', 'net': 'gprs', 'cmd': 'monkey -p com.netease.play --throttle 500 --ignore-timeouts --ignore-crashes   --monitor-native-crashes -v -v -v 5000 >>E:\\Python\\monkeyTest\\log\\56fb2ee2-0ee2-45d3-85a1-3a137c872d42monkey.log', 'log': 'E:\\Python\\monkeyTest\\log\\56fb2ee2-0ee2-45d3-85a1-3a137c872d42', 'monkey_log': 'E:\\Python\\monkeyTest\\log\\56fb2ee2-0ee2-45d3-85a1-3a137c872d42monkey.log'}
