  bash arg: -p
  bash arg: com.netease.play
  bash arg: --throttle
  bash arg: 500
  bash arg: --ignore-timeouts
  bash arg: --ignore-crashes
  bash arg: --monitor-native-crashes
  bash arg: -v
  bash arg: -v
  bash arg: -v
  bash arg: 500
args: [-p, com.netease.play, --throttle, 500, --ignore-timeouts, --ignore-crashes, --monitor-native-crashes, -v, -v, -v, 500]
 arg: "-p"
 arg: "com.netease.play"
 arg: "--throttle"
 arg: "500"
 arg: "--ignore-timeouts"
 arg: "--ignore-crashes"
 arg: "--monitor-native-crashes"
 arg: "-v"
 arg: "-v"
 arg: "-v"
 arg: "500"
data="com.netease.play"
arg="--throttle" mCurArgData="null" mNextArg=3 argwas="--throttle" nextarg="500"
data="500"
arg="--ignore-timeouts" mCurArgData="null" mNextArg=5 argwas="--ignore-timeouts" nextarg="--ignore-crashes"
arg="--ignore-crashes" mCurArgData="null" mNextArg=6 argwas="--ignore-crashes" nextarg="--monitor-native-crashes"
arg="--monitor-native-crashes" mCurArgData="null" mNextArg=7 argwas="--monitor-native-crashes" nextarg="-v"
:Monkey: seed=1542775846491 count=500
:AllowPackage: com.netease.play
:IncludeCategory: android.intent.category.LAUNCHER
:IncludeCategory: android.intent.category.MONKEY
// Selecting main activities from category android.intent.category.LAUNCHER
//   - NOT USING main activity com.android.calendar.AllInOneActivity (from package com.android.calendar)
//   - NOT USING main activity com.android.contacts.activities.PeopleActivity (from package com.android.contacts)
//   - NOT USING main activity com.android.contacts.activities.DialtactsActivity (from package com.android.contacts)
//   - NOT USING main activity com.android.deskclock.AlarmsMainActivity (from package com.android.deskclock)
//   - NOT USING main activity com.android.email.activity.Welcome (from package com.android.email)
//   - NOT USING main activity com.huawei.gallery.app.GalleryMain (from package com.android.gallery3d)
//   - NOT USING main activity com.android.mediacenter.PageActivity (from package com.android.mediacenter)
//   - NOT USING main activity com.android.mms.ui.ConversationList (from package com.android.mms)
//   - NOT USING main activity com.android.settings.HWSettings (from package com.android.settings)
//   - NOT USING main activity com.example.android.notepad.NotePadActivity (from package com.example.android.notepad)
//   - NOT USING main activity com.huawei.android.findmyphone.ui.FindMyPhoneActivity (from package com.huawei.android.findmyphone)
//   - NOT USING main activity com.huawei.android.tips.DrawerDisplayActivity (from package com.huawei.android.tips)
//   - NOT USING main activity com.huawei.camera (from package com.huawei.camera)
//   - NOT USING main activity com.huawei.hidisk.filemanager.FileManager (from package com.huawei.hidisk)
//   - NOT USING main activity com.huawei.himovie.ui.login.SplashScreenActivity (from package com.huawei.himovie)
//   - NOT USING main activity com.baidu.baidumaps.WelcomeScreen (from package com.baidu.BaiduMap)
//   - NOT USING main activity cn.wps.moffice.documentmanager.PreStartActivity (from package cn.wps.moffice_eng)
//   - NOT USING main activity com.tencent.mtt.SplashActivity (from package com.android.browser)
//   - NOT USING main activity com.android.calculator2.Calculator (from package com.android.calculator2)
//   - NOT USING main activity com.android.documentsui.LauncherActivity (from package com.android.documentsui)
//   - NOT USING main activity com.android.hwmirror.Mirror (from package com.android.hwmirror)
//   - NOT USING main activity com.android.mediacenter.PageActivity (from package com.android.imedia.syncplay)
//   - NOT USING main activity com.android.soundrecorder.SoundRecorder (from package com.android.soundrecorder)
//   - NOT USING main activity com.android.stk.StkLauncherActivity (from package com.android.stk)
//   - NOT USING main activity com.android.stk.StkLauncherActivity2 (from package com.android.stk)
//   - NOT USING main activity com.android.systemui.flashlight.FlashlightActivity (from package com.android.systemui)
//   - NOT USING main activity com.huawei.android.clone.activity.sender.ChooseRecevieSendActivity (from package com.hicloud.android.clone)
//   - NOT USING main activity com.huawei.KoBackup.InitializeActivity (from package com.huawei.KoBackup)
//   - NOT USING main activity com.huawei.android.hwouc.ui.activities.MainEntranceActivity (from package com.huawei.android.hwouc)
//   - NOT USING main activity com.huawei.android.thememanager.HwThemeManagerActivity (from package com.huawei.android.thememanager)
//   - NOT USING main activity com.huawei.android.totemweatherapp.WeatherHome (from package com.huawei.android.totemweatherapp)
//   - NOT USING main activity com.huawei.appmarket.MainActivity (from package com.huawei.appmarket)
//   - NOT USING main activity com.huawei.compass.MainActivity (from package com.huawei.compass)
//   - NOT USING main activity com.huawei.gameassistant.views.GameassistantMainActivity (from package com.huawei.gameassistant)
//   - NOT USING main activity com.huawei.phoneservice.LaunchActivity (from package com.huawei.phoneservice)
//   - NOT USING main activity com.huawei.systemmanager.mainscreen.MainScreenActivity (from package com.huawei.systemmanager)
//   - NOT USING main activity com.huawei.trustspace.mainscreen.LoadActivity (from package com.huawei.trustspace)
//   - NOT USING main activity com.huawei.vassistant.ui.main.VAssistantActivity (from package com.huawei.vassistant)
//   - NOT USING main activity com.huawei.vdrive.ui.VDriveActivity (from package com.huawei.vdrive)
//   - NOT USING main activity com.huawei.wallet.view.MainActivity (from package com.huawei.wallet)
//   - NOT USING main activity com.sina.weibo.SplashActivity (from package com.sina.weibo)
//   - NOT USING main activity com.ss.android.ugc.aweme.app.PermissionHintActivity (from package com.ss.android.ugc.aweme)
//   - NOT USING main activity com.eg.android.AlipayGphone.AlipayLogin (from package com.eg.android.AlipayGphone)
//   - NOT USING main activity com.netease.cloudmusic.activity.LoadingActivity (from package com.netease.cloudmusic)
//   + Using main activity com.netease.play.appstart.LoadingActivity (from package com.netease.play)
//   - NOT USING main activity com.taobao.tao.welcome.Welcome (from package com.taobao.taobao)
//   - NOT USING main activity com.tencent.mm.ui.LauncherUI (from package com.tencent.mm)
// Selecting main activities from category android.intent.category.MONKEY
//   - NOT USING main activity com.android.settings.Settings$RunningServicesActivity (from package com.android.settings)
//   - NOT USING main activity com.android.settings.Settings$StorageUseActivity (from package com.android.settings)
//   - NOT USING main activity com.huawei.android.launcher.unihome.UniHomeLauncher (from package com.huawei.android.launcher)
//   - NOT USING main activity com.huawei.vdrive.ui.LauncherActivity (from package com.huawei.vdrive)
// Seeded: 1542775846491
// Event percentages:
//   0: 15.0%
//   1: 10.0%
//   2: 2.0%
//   3: 15.0%
//   4: -0.0%
//   5: -0.0%
//   6: 25.0%
//   7: 15.0%
//   8: 2.0%
//   9: 2.0%
//   10: 1.0%
//   11: 13.0%
:Switch: #Intent;action=android.intent.action.MAIN;category=android.intent.category.LAUNCHER;launchFlags=0x10200000;component=com.netease.play/.appstart.LoadingActivity;end
    // Allowing start of Intent { act=android.intent.action.MAIN cat=[android.intent.category.LAUNCHER] cmp=com.netease.play/.appstart.LoadingActivity } in package com.netease.play
Sleeping for 500 milliseconds
:Sending Touch (ACTION_DOWN): 0:(676.0,642.0)
:Sending Touch (ACTION_UP): 0:(660.76917,657.703)
Sleeping for 500 milliseconds
:Sending Key (ACTION_DOWN): 82    // KEYCODE_MENU
:Sending Key (ACTION_UP): 82    // KEYCODE_MENU
Sleeping for 500 milliseconds
:Sending Touch (ACTION_DOWN): 0:(886.0,303.0)
:Sending Touch (ACTION_MOVE): 0:(890.3595,314.13965)
:Sending Touch (ACTION_MOVE): 0:(898.89685,327.24014)
:Sending Touch (ACTION_MOVE): 0:(914.75165,330.1057)
:Sending Touch (ACTION_MOVE): 0:(920.3044,336.5491)
:Sending Touch (ACTION_MOVE): 0:(934.96313,346.03217)
:Sending Touch (ACTION_MOVE): 0:(953.69855,347.88004)
:Sending Touch (ACTION_MOVE): 0:(973.82275,349.62787)
:Sending Touch (ACTION_MOVE): 0:(986.27136,365.14664)
:Sending Touch (ACTION_UP): 0:(992.06885,378.97128)
Sleeping for 500 milliseconds
:Sending Key (ACTION_DOWN): 19    // KEYCODE_DPAD_UP
:Sending Key (ACTION_UP): 19    // KEYCODE_DPAD_UP
Sleeping for 500 milliseconds
:Sending Trackball (ACTION_MOVE): 0:(2.0,1.0)
:Sending Trackball (ACTION_MOVE): 0:(0.0,0.0)
:Sending Trackball (ACTION_MOVE): 0:(-3.0,-1.0)
:Sending Trackball (ACTION_MOVE): 0:(3.0,-3.0)
:Sending Trackball (ACTION_MOVE): 0:(-5.0,-2.0)
:Sending Trackball (ACTION_MOVE): 0:(3.0,0.0)
:Sending Trackball (ACTION_MOVE): 0:(-4.0,-1.0)
:Sending Trackball (ACTION_MOVE): 0:(-3.0,0.0)
:Sending Trackball (ACTION_MOVE): 0:(-1.0,-1.0)
:Sending Trackball (ACTION_MOVE): 0:(0.0,-1.0)
:Sending Trackball (ACTION_MOVE): 0:(4.0,2.0)
:Sending Trackball (ACTION_MOVE): 0:(0.0,-5.0)
:Sending Trackball (ACTION_MOVE): 0:(4.0,1.0)
:Sending Trackball (ACTION_MOVE): 0:(-1.0,2.0)
:Sending Trackball (ACTION_MOVE): 0:(4.0,3.0)
:Sending Trackball (ACTION_MOVE): 0:(0.0,-5.0)
:Sending Trackball (ACTION_MOVE): 0:(3.0,-1.0)
:Sending Trackball (ACTION_MOVE): 0:(4.0,4.0)
:Sending Trackball (ACTION_MOVE): 0:(-5.0,-4.0)
:Sending Trackball (ACTION_MOVE): 0:(-5.0,-3.0)
:Sending Key (ACTION_DOWN): 19    // KEYCODE_DPAD_UP
:Sending Key (ACTION_UP): 19    // KEYCODE_DPAD_UP
Sleeping for 500 milliseconds
:Sending Key (ACTION_DOWN): 21    // KEYCODE_DPAD_LEFT
:Sending Key (ACTION_UP): 21    // KEYCODE_DPAD_LEFT
Sleeping for 500 milliseconds
:Sending Touch (ACTION_DOWN): 0:(539.0,797.0)
:Sending Touch (ACTION_MOVE): 0:(546.97894,799.9542)
:Sending Touch (ACTION_UP): 0:(556.4936,802.526)
Sleeping for 500 milliseconds
:Sending Key (ACTION_DOWN): 687    // 687
:Sending Key (ACTION_UP): 687    // 687
Sleeping for 500 milliseconds
:Sending Touch (ACTION_DOWN): 0:(321.0,1324.0)
:Sending Touch (ACTION_MOVE): 0:(300.3262,1323.699)
:Sending Touch (ACTION_MOVE): 0:(282.56516,1321.7375)
:Sending Touch (ACTION_MOVE): 0:(269.14755,1319.9165)
:Sending Touch (ACTION_UP): 0:(260.02045,1317.9948)
Sleeping for 500 milliseconds
:Sending Key (ACTION_DOWN): 22    // KEYCODE_DPAD_RIGHT
:Sending Key (ACTION_UP): 22    // KEYCODE_DPAD_RIGHT
Sleeping for 500 milliseconds
:Sending Key (ACTION_DOWN): 154    // KEYCODE_NUMPAD_DIVIDE
:Sending Key (ACTION_UP): 154    // KEYCODE_NUMPAD_DIVIDE
Sleeping for 500 milliseconds
:Sending Key (ACTION_DOWN): 23    // KEYCODE_DPAD_CENTER
:Sending Key (ACTION_UP): 23    // KEYCODE_DPAD_CENTER
Sleeping for 500 milliseconds
:Sending Trackball (ACTION_MOVE): 0:(-3.0,1.0)
:Sending Trackball (ACTION_MOVE): 0:(0.0,0.0)
:Sending Trackball (ACTION_MOVE): 0:(-5.0,0.0)
:Sending Trackball (ACTION_MOVE): 0:(-3.0,-5.0)
:Sending Trackball (ACTION_MOVE): 0:(-1.0,-5.0)
:Sending Trackball (ACTION_MOVE): 0:(-2.0,0.0)
:Sending Trackball (ACTION_MOVE): 0:(-3.0,2.0)
:Sending Trackball (ACTION_MOVE): 0:(0.0,-1.0)
:Sending Trackball (ACTION_MOVE): 0:(1.0,2.0)
:Sending Trackball (ACTION_MOVE): 0:(0.0,-3.0)
:Sending Key (ACTION_DOWN): 21    // KEYCODE_DPAD_LEFT
:Sending Key (ACTION_UP): 21    // KEYCODE_DPAD_LEFT
Sleeping for 500 milliseconds
:Sending Key (ACTION_DOWN): 21    // KEYCODE_DPAD_LEFT
:Sending Key (ACTION_UP): 21    // KEYCODE_DPAD_LEFT
Sleeping for 500 milliseconds
:Sending Trackball (ACTION_MOVE): 0:(-2.0,-4.0)
:Sending Trackball (ACTION_MOVE): 0:(-4.0,2.0)
:Sending Trackball (ACTION_MOVE): 0:(3.0,2.0)
:Sending Trackball (ACTION_MOVE): 0:(-5.0,1.0)
:Sending Trackball (ACTION_MOVE): 0:(-1.0,-4.0)
:Sending Trackball (ACTION_MOVE): 0:(-5.0,0.0)
:Sending Trackball (ACTION_MOVE): 0:(1.0,-3.0)
:Sending Trackball (ACTION_MOVE): 0:(-1.0,3.0)
:Sending Trackball (ACTION_MOVE): 0:(-1.0,1.0)
:Sending Trackball (ACTION_MOVE): 0:(3.0,-4.0)
:Sending Touch (ACTION_DOWN): 0:(980.0,1566.0)
:Sending Touch (ACTION_MOVE): 0:(978.47906,1573.6746)
:Sending Touch (ACTION_MOVE): 0:(978.29584,1576.82)
:Sending Touch (ACTION_MOVE): 0:(972.5275,1582.2322)
:Sending Touch (ACTION_MOVE): 0:(963.1622,1585.5983)
:Sending Touch (ACTION_MOVE): 0:(955.30206,1593.1027)
:Sending Touch (ACTION_MOVE): 0:(952.3348,1597.3972)
:Sending Touch (ACTION_UP): 0:(948.9141,1604.7402)
Sleeping for 500 milliseconds
:Sending Key (ACTION_DOWN): 82    // KEYCODE_MENU
:Sending Key (ACTION_UP): 82    // KEYCODE_MENU
Sleeping for 500 milliseconds
:Sending Key (ACTION_DOWN): 82    // KEYCODE_MENU
:Sending Key (ACTION_UP): 82    // KEYCODE_MENU
Sleeping for 500 milliseconds
:Sending Key (ACTION_DOWN): 130    // KEYCODE_MEDIA_RECORD
:Sending Key (ACTION_UP): 130    // KEYCODE_MEDIA_RECORD
Sleeping for 500 milliseconds
:Sending Key (ACTION_DOWN): 22    // KEYCODE_DPAD_RIGHT
:Sending Key (ACTION_UP): 22    // KEYCODE_DPAD_RIGHT
Sleeping for 500 milliseconds
:Sending Key (ACTION_DOWN): 23    // KEYCODE_DPAD_CENTER
:Sending Key (ACTION_UP): 23    // KEYCODE_DPAD_CENTER
Sleeping for 500 milliseconds
:Sending Key (ACTION_DOWN): 23    // KEYCODE_DPAD_CENTER
    //[calendar_time:2018-11-20 22:25:39.203  system_uptime:676117782]
    // Sending event #100
:Sending Key (ACTION_UP): 23    // KEYCODE_DPAD_CENTER
Sleeping for 500 milliseconds
:Sending Touch (ACTION_DOWN): 0:(409.0,14.0)
:Sending Touch (ACTION_MOVE): 0:(410.98956,22.859703)
:Sending Touch (ACTION_MOVE): 0:(413.71204,22.920128)
:Sending Touch (ACTION_MOVE): 0:(414.817,40.066025)
:Sending Touch (ACTION_MOVE): 0:(417.04153,53.396847)
:Sending Touch (ACTION_MOVE): 0:(419.75464,66.15193)
:Sending Touch (ACTION_UP): 0:(419.98886,82.8669)
Sleeping for 500 milliseconds
:Sending Key (ACTION_DOWN): 20    // KEYCODE_DPAD_DOWN
:Sending Key (ACTION_UP): 20    // KEYCODE_DPAD_DOWN
Sleeping for 500 milliseconds
:Sending Key (ACTION_DOWN): 20    // KEYCODE_DPAD_DOWN
:Sending Key (ACTION_UP): 20    // KEYCODE_DPAD_DOWN
Sleeping for 500 milliseconds
:Sending Touch (ACTION_DOWN): 0:(605.0,2115.0)
:Sending Touch (ACTION_UP): 0:(611.8292,2119.0725)
Sleeping for 500 milliseconds
:Sending Key (ACTION_DOWN): 21    // KEYCODE_DPAD_LEFT
:Sending Key (ACTION_UP): 21    // KEYCODE_DPAD_LEFT
Sleeping for 500 milliseconds
:Sending Key (ACTION_DOWN): 22    // KEYCODE_DPAD_RIGHT
:Sending Key (ACTION_UP): 22    // KEYCODE_DPAD_RIGHT
Sleeping for 500 milliseconds
:Sending Trackball (ACTION_MOVE): 0:(-2.0,-2.0)
:Sending Trackball (ACTION_MOVE): 0:(2.0,-3.0)
:Sending Trackball (ACTION_MOVE): 0:(-4.0,4.0)
:Sending Trackball (ACTION_MOVE): 0:(0.0,4.0)
:Sending Trackball (ACTION_MOVE): 0:(-2.0,3.0)
:Sending Trackball (ACTION_MOVE): 0:(-2.0,3.0)
:Sending Trackball (ACTION_MOVE): 0:(-3.0,4.0)
:Sending Trackball (ACTION_MOVE): 0:(-3.0,-5.0)
:Sending Trackball (ACTION_MOVE): 0:(0.0,-1.0)
:Sending Trackball (ACTION_MOVE): 0:(-2.0,-1.0)
:Sending Key (ACTION_DOWN): 82    // KEYCODE_MENU
:Sending Key (ACTION_UP): 82    // KEYCODE_MENU
Sleeping for 500 milliseconds
:Sending Key (ACTION_DOWN): 20    // KEYCODE_DPAD_DOWN
:Sending Key (ACTION_UP): 20    // KEYCODE_DPAD_DOWN
Sleeping for 500 milliseconds
:Sending Key (ACTION_DOWN): 23    // KEYCODE_DPAD_CENTER
:Sending Key (ACTION_UP): 23    // KEYCODE_DPAD_CENTER
Sleeping for 500 milliseconds
:Sending Key (ACTION_DOWN): 21    // KEYCODE_DPAD_LEFT
:Sending Key (ACTION_UP): 21    // KEYCODE_DPAD_LEFT
Sleeping for 500 milliseconds
:Sending Key (ACTION_DOWN): 24    // KEYCODE_VOLUME_UP
:Sending Key (ACTION_UP): 24    // KEYCODE_VOLUME_UP
Sleeping for 500 milliseconds
:Sending Key (ACTION_DOWN): 82    // KEYCODE_MENU
:Sending Key (ACTION_UP): 82    // KEYCODE_MENU
Sleeping for 500 milliseconds
:Sending Touch (ACTION_DOWN): 0:(310.0,1878.0)
:Sending Touch (ACTION_UP): 0:(294.99835,1884.2955)
Sleeping for 500 milliseconds
:Sending Touch (ACTION_DOWN): 0:(695.0,226.0)
:Sending Touch (ACTION_UP): 0:(702.22107,217.32536)
Sleeping for 500 milliseconds
:Sending Key (ACTION_DOWN): 22    // KEYCODE_DPAD_RIGHT
:Sending Key (ACTION_UP): 22    // KEYCODE_DPAD_RIGHT
Sleeping for 500 milliseconds
:Sending Key (ACTION_DOWN): 21    // KEYCODE_DPAD_LEFT
:Sending Key (ACTION_UP): 21    // KEYCODE_DPAD_LEFT
Sleeping for 500 milliseconds
:Sending Trackball (ACTION_MOVE): 0:(2.0,-4.0)
:Sending Trackball (ACTION_MOVE): 0:(4.0,-5.0)
:Sending Trackball (ACTION_MOVE): 0:(3.0,-4.0)
:Sending Trackball (ACTION_MOVE): 0:(-5.0,2.0)
:Sending Trackball (ACTION_MOVE): 0:(-5.0,1.0)
:Sending Trackball (ACTION_MOVE): 0:(-2.0,-1.0)
:Sending Trackball (ACTION_MOVE): 0:(-4.0,-4.0)
:Sending Trackball (ACTION_MOVE): 0:(-4.0,4.0)
:Sending Trackball (ACTION_MOVE): 0:(2.0,-4.0)
:Sending Trackball (ACTION_MOVE): 0:(3.0,0.0)
:Sending Key (ACTION_DOWN): 23    // KEYCODE_DPAD_CENTER
:Sending Key (ACTION_UP): 23    // KEYCODE_DPAD_CENTER
Sleeping for 500 milliseconds
:Sending Trackball (ACTION_MOVE): 0:(-4.0,4.0)
:Sending Trackball (ACTION_MOVE): 0:(2.0,0.0)
:Sending Trackball (ACTION_MOVE): 0:(1.0,-1.0)
:Sending Trackball (ACTION_MOVE): 0:(-1.0,-1.0)
:Sending Trackball (ACTION_MOVE): 0:(-2.0,-3.0)
:Sending Trackball (ACTION_MOVE): 0:(-4.0,-5.0)
:Sending Trackball (ACTION_MOVE): 0:(2.0,3.0)
:Sending Trackball (ACTION_MOVE): 0:(1.0,-3.0)
:Sending Trackball (ACTION_MOVE): 0:(-2.0,-3.0)
:Sending Trackball (ACTION_MOVE): 0:(-1.0,2.0)
:Sending Key (ACTION_DOWN): 23    // KEYCODE_DPAD_CENTER
:Sending Key (ACTION_UP): 23    // KEYCODE_DPAD_CENTER
Sleeping for 500 milliseconds
:Sending Touch (ACTION_DOWN): 0:(274.0,643.0)
:Sending Touch (ACTION_UP): 0:(271.031,643.27094)
Sleeping for 500 milliseconds
:Sending Key (ACTION_DOWN): 82    // KEYCODE_MENU
:Sending Key (ACTION_UP): 82    // KEYCODE_MENU
Sleeping for 500 milliseconds
:Sending Touch (ACTION_DOWN): 0:(428.0,1412.0)
:Sending Touch (ACTION_MOVE): 0:(411.84415,1422.5929)
:Sending Touch (ACTION_MOVE): 0:(399.66162,1426.344)
:Sending Touch (ACTION_MOVE): 0:(379.9799,1435.3811)
:Sending Touch (ACTION_MOVE): 0:(359.72617,1439.6567)
:Sending Touch (ACTION_MOVE): 0:(357.5532,1449.4196)
:Sending Touch (ACTION_MOVE): 0:(350.08423,1454.1818)
:Sending Touch (ACTION_MOVE): 0:(338.98874,1464.258)
:Sending Touch (ACTION_UP): 0:(322.31644,1470.4023)
Sleeping for 500 milliseconds
:Sending Key (ACTION_DOWN): 545    // 545
:Sending Key (ACTION_UP): 545    // 545
Sleeping for 500 milliseconds
:Sending Key (ACTION_DOWN): 418    // 418
:Sending Key (ACTION_UP): 418    // 418
Sleeping for 500 milliseconds
:Sending Key (ACTION_DOWN): 20    // KEYCODE_DPAD_DOWN
:Sending Key (ACTION_UP): 20    // KEYCODE_DPAD_DOWN
Sleeping for 500 milliseconds
:Sending Key (ACTION_DOWN): 19    // KEYCODE_DPAD_UP
:Sending Key (ACTION_UP): 19    // KEYCODE_DPAD_UP
Sleeping for 500 milliseconds
:Sending Key (ACTION_DOWN): 19    // KEYCODE_DPAD_UP
:Sending Key (ACTION_UP): 19    // KEYCODE_DPAD_UP
Sleeping for 500 milliseconds
:Sending Key (ACTION_DOWN): 22    // KEYCODE_DPAD_RIGHT
:Sending Key (ACTION_UP): 22    // KEYCODE_DPAD_RIGHT
Sleeping for 500 milliseconds
:Sending Key (ACTION_DOWN): 19    // KEYCODE_DPAD_UP
:Sending Key (ACTION_UP): 19    // KEYCODE_DPAD_UP
Sleeping for 500 milliseconds
:Switch: #Intent;action=android.intent.action.MAIN;category=android.intent.category.LAUNCHER;launchFlags=0x10200000;component=com.netease.play/.appstart.LoadingActivity;end
    // Allowing start of Intent { act=android.intent.action.MAIN cat=[android.intent.category.LAUNCHER] cmp=com.netease.play/.appstart.LoadingActivity } in package com.netease.play
    //[calendar_time:2018-11-20 22:25:54.496  system_uptime:676133074]
    // Sending event #200
Sleeping for 500 milliseconds
    //[calendar_time:2018-11-20 22:25:54.997  system_uptime:676133574]
    // Sending event #200
:Sending Key (ACTION_DOWN): 20    // KEYCODE_DPAD_DOWN
:Sending Key (ACTION_UP): 20    // KEYCODE_DPAD_DOWN
Sleeping for 500 milliseconds
:Sending Trackball (ACTION_MOVE): 0:(-5.0,1.0)
:Sending Trackball (ACTION_MOVE): 0:(-5.0,3.0)
:Sending Trackball (ACTION_MOVE): 0:(-4.0,1.0)
:Sending Trackball (ACTION_MOVE): 0:(2.0,-3.0)
:Sending Trackball (ACTION_MOVE): 0:(-3.0,1.0)
:Sending Trackball (ACTION_MOVE): 0:(-1.0,4.0)
:Sending Trackball (ACTION_MOVE): 0:(-5.0,0.0)
:Sending Trackball (ACTION_MOVE): 0:(4.0,-3.0)
:Sending Trackball (ACTION_MOVE): 0:(-2.0,-1.0)
:Sending Trackball (ACTION_MOVE): 0:(3.0,3.0)
:Sending Key (ACTION_DOWN): 19    // KEYCODE_DPAD_UP
:Sending Key (ACTION_UP): 19    // KEYCODE_DPAD_UP
Sleeping for 500 milliseconds
:Sending Touch (ACTION_DOWN): 0:(448.0,1215.0)
:Sending Touch (ACTION_MOVE): 0:(444.5766,1209.682)
:Sending Touch (ACTION_UP): 0:(443.9799,1204.6472)
Sleeping for 500 milliseconds
:Sending Touch (ACTION_DOWN): 0:(189.0,2033.0)
:Sending Touch (ACTION_MOVE): 0:(192.55688,2042.6711)
:Sending Touch (ACTION_MOVE): 0:(195.97917,2051.761)
:Sending Touch (ACTION_MOVE): 0:(198.54457,2055.0972)
:Sending Touch (ACTION_MOVE): 0:(201.72198,2055.737)
:Sending Touch (ACTION_MOVE): 0:(203.03572,2064.2673)
:Sending Touch (ACTION_MOVE): 0:(203.60217,2067.3594)
:Sending Touch (ACTION_MOVE): 0:(206.62117,2076.0454)
:Sending Touch (ACTION_MOVE): 0:(209.55135,2086.2725)
:Sending Touch (ACTION_UP): 0:(211.16606,2092.8398)
Sleeping for 500 milliseconds
:Sending Key (ACTION_DOWN): 82    // KEYCODE_MENU
:Sending Key (ACTION_UP): 82    // KEYCODE_MENU
Sleeping for 500 milliseconds
:Sending Key (ACTION_DOWN): 290    // KEYCODE_SMARTKEY
:Sending Key (ACTION_UP): 290    // KEYCODE_SMARTKEY
Sleeping for 500 milliseconds
:Sending Trackball (ACTION_MOVE): 0:(-3.0,-5.0)
:Sending Trackball (ACTION_MOVE): 0:(-2.0,2.0)
:Sending Trackball (ACTION_MOVE): 0:(-4.0,2.0)
:Sending Trackball (ACTION_MOVE): 0:(1.0,-2.0)
:Sending Trackball (ACTION_MOVE): 0:(3.0,-1.0)
:Sending Trackball (ACTION_MOVE): 0:(2.0,-2.0)
:Sending Trackball (ACTION_MOVE): 0:(0.0,4.0)
:Sending Trackball (ACTION_MOVE): 0:(1.0,-5.0)
:Sending Trackball (ACTION_MOVE): 0:(-1.0,2.0)
:Sending Trackball (ACTION_MOVE): 0:(1.0,1.0)
:Sending Key (ACTION_DOWN): 21    // KEYCODE_DPAD_LEFT
:Sending Key (ACTION_UP): 21    // KEYCODE_DPAD_LEFT
Sleeping for 500 milliseconds
:Sending Touch (ACTION_DOWN): 0:(459.0,1929.0)
:Sending Touch (ACTION_POINTER_DOWN 1): 0:(469.01743,1932.5386) 1:(379.0,554.0)
:Sending Touch (ACTION_MOVE): 0:(472.60703,1942.6364) 1:(377.53506,554.57416)
:Sending Touch (ACTION_MOVE): 0:(484.6359,1947.249) 1:(368.72592,560.39154)
:Sending Touch (ACTION_MOVE): 0:(495.94662,1956.013) 1:(359.829,570.37024)
:Sending Touch (ACTION_MOVE): 0:(506.91333,1966.945) 1:(351.666,574.9977)
:Sending Touch (ACTION_MOVE): 0:(514.8755,1971.3196) 1:(343.6333,576.0459)
:Sending Touch (ACTION_MOVE): 0:(516.43207,1977.7141) 1:(337.80917,583.7192)
:Sending Touch (ACTION_MOVE): 0:(522.0291,1989.5001) 1:(335.7816,594.0188)
:Sending Touch (ACTION_POINTER_UP 1): 0:(527.9566,1998.8435) 1:(322.45123,596.7351)
:Sending Touch (ACTION_UP): 0:(531.69025,2001.837)
Sleeping for 500 milliseconds
:Sending Trackball (ACTION_MOVE): 0:(-5.0,-1.0)
:Sending Trackball (ACTION_MOVE): 0:(-3.0,3.0)
:Sending Trackball (ACTION_MOVE): 0:(-1.0,-2.0)
:Sending Trackball (ACTION_MOVE): 0:(2.0,-1.0)
:Sending Trackball (ACTION_MOVE): 0:(2.0,-5.0)
:Sending Trackball (ACTION_MOVE): 0:(-1.0,-2.0)
:Sending Trackball (ACTION_MOVE): 0:(2.0,-2.0)
:Sending Trackball (ACTION_MOVE): 0:(0.0,2.0)
:Sending Trackball (ACTION_MOVE): 0:(4.0,-3.0)
:Sending Trackball (ACTION_MOVE): 0:(2.0,3.0)
:Sending Key (ACTION_DOWN): 23    // KEYCODE_DPAD_CENTER
:Sending Key (ACTION_UP): 23    // KEYCODE_DPAD_CENTER
Sleeping for 500 milliseconds
:Sending Key (ACTION_DOWN): 23    // KEYCODE_DPAD_CENTER
:Sending Key (ACTION_UP): 23    // KEYCODE_DPAD_CENTER
Sleeping for 500 milliseconds
:Sending Key (ACTION_DOWN): 23    // KEYCODE_DPAD_CENTER
:Sending Key (ACTION_UP): 23    // KEYCODE_DPAD_CENTER
Sleeping for 500 milliseconds
:Sending Trackball (ACTION_MOVE): 0:(-3.0,-4.0)
:Sending Trackball (ACTION_MOVE): 0:(-1.0,4.0)
:Sending Trackball (ACTION_MOVE): 0:(0.0,1.0)
:Sending Trackball (ACTION_MOVE): 0:(-1.0,-3.0)
:Sending Trackball (ACTION_MOVE): 0:(-2.0,4.0)
:Sending Trackball (ACTION_MOVE): 0:(0.0,0.0)
:Sending Trackball (ACTION_MOVE): 0:(0.0,-3.0)
:Sending Trackball (ACTION_MOVE): 0:(-3.0,0.0)
:Sending Trackball (ACTION_MOVE): 0:(-5.0,-1.0)
:Sending Trackball (ACTION_MOVE): 0:(1.0,2.0)
:Sending Touch (ACTION_DOWN): 0:(774.0,988.0)
:Sending Touch (ACTION_UP): 0:(753.1629,994.4794)
Sleeping for 500 milliseconds
:Sending Key (ACTION_DOWN): 20    // KEYCODE_DPAD_DOWN
:Sending Key (ACTION_UP): 20    // KEYCODE_DPAD_DOWN
Sleeping for 500 milliseconds
:Sending Trackball (ACTION_MOVE): 0:(4.0,4.0)
:Sending Trackball (ACTION_MOVE): 0:(3.0,0.0)
:Sending Trackball (ACTION_MOVE): 0:(-5.0,-2.0)
:Sending Trackball (ACTION_MOVE): 0:(0.0,2.0)
:Sending Trackball (ACTION_MOVE): 0:(0.0,-1.0)
:Sending Trackball (ACTION_MOVE): 0:(-3.0,-5.0)
:Sending Trackball (ACTION_MOVE): 0:(-2.0,3.0)
:Sending Trackball (ACTION_MOVE): 0:(1.0,-2.0)
:Sending Trackball (ACTION_MOVE): 0:(-1.0,3.0)
:Sending Trackball (ACTION_MOVE): 0:(-1.0,-3.0)
:Sending Trackball (ACTION_MOVE): 0:(3.0,-3.0)
:Sending Trackball (ACTION_MOVE): 0:(3.0,-4.0)
:Sending Trackball (ACTION_MOVE): 0:(-1.0,1.0)
:Sending Trackball (ACTION_MOVE): 0:(3.0,3.0)
:Sending Trackball (ACTION_MOVE): 0:(-5.0,-4.0)
:Sending Trackball (ACTION_MOVE): 0:(-3.0,0.0)
    //[calendar_time:2018-11-20 22:26:01.934  system_uptime:676140512]
    // Sending event #300
:Sending Trackball (ACTION_MOVE): 0:(-5.0,0.0)
:Sending Trackball (ACTION_MOVE): 0:(0.0,-2.0)
:Sending Trackball (ACTION_MOVE): 0:(-5.0,2.0)
:Sending Trackball (ACTION_MOVE): 0:(-3.0,3.0)
:Sending Key (ACTION_DOWN): 47    // KEYCODE_S
:Sending Key (ACTION_UP): 47    // KEYCODE_S
Sleeping for 500 milliseconds
:Sending Touch (ACTION_DOWN): 0:(928.0,409.0)
:Sending Touch (ACTION_MOVE): 0:(916.95575,404.92667)
:Sending Touch (ACTION_MOVE): 0:(906.2816,395.27386)
:Sending Touch (ACTION_MOVE): 0:(905.0642,383.99924)
:Sending Touch (ACTION_MOVE): 0:(893.8142,381.13614)
:Sending Touch (ACTION_MOVE): 0:(884.4307,376.88483)
:Sending Touch (ACTION_MOVE): 0:(879.6487,368.14023)
:Sending Touch (ACTION_UP): 0:(872.6159,355.57224)
Sleeping for 500 milliseconds
:Sending Key (ACTION_DOWN): 21    // KEYCODE_DPAD_LEFT
:Sending Key (ACTION_UP): 21    // KEYCODE_DPAD_LEFT
Sleeping for 500 milliseconds
:Sending Key (ACTION_DOWN): 82    // KEYCODE_MENU
:Sending Key (ACTION_UP): 82    // KEYCODE_MENU
Sleeping for 500 milliseconds
:Sending Key (ACTION_DOWN): 20    // KEYCODE_DPAD_DOWN
:Sending Key (ACTION_UP): 20    // KEYCODE_DPAD_DOWN
Sleeping for 500 milliseconds
:Sending Touch (ACTION_DOWN): 0:(966.0,2079.0)
:Sending Touch (ACTION_UP): 0:(958.54944,2076.6667)
Sleeping for 500 milliseconds
    // Allowing start of Intent { cmp=com.netease.play/.webview.WebviewActivity } in package com.netease.play
:Sending Trackball (ACTION_MOVE): 0:(-4.0,-2.0)
:Sending Trackball (ACTION_MOVE): 0:(4.0,0.0)
:Sending Trackball (ACTION_MOVE): 0:(3.0,0.0)
:Sending Trackball (ACTION_MOVE): 0:(2.0,0.0)
:Sending Trackball (ACTION_MOVE): 0:(-2.0,4.0)
:Sending Trackball (ACTION_MOVE): 0:(0.0,1.0)
:Sending Trackball (ACTION_MOVE): 0:(0.0,-1.0)
:Sending Trackball (ACTION_MOVE): 0:(-2.0,2.0)
:Sending Trackball (ACTION_MOVE): 0:(-5.0,3.0)
:Sending Trackball (ACTION_MOVE): 0:(3.0,-1.0)
:Sending Trackball (ACTION_DOWN): 0:(0.0,0.0)
:Sending Trackball (ACTION_UP): 0:(0.0,0.0)
Sleeping for 500 milliseconds
:Sending Key (ACTION_DOWN): 82    // KEYCODE_MENU
:Sending Key (ACTION_UP): 82    // KEYCODE_MENU
Sleeping for 500 milliseconds
:Sending Key (ACTION_DOWN): 23    // KEYCODE_DPAD_CENTER
:Sending Key (ACTION_UP): 23    // KEYCODE_DPAD_CENTER
Sleeping for 500 milliseconds
:Sending Touch (ACTION_DOWN): 0:(247.0,870.0)
:Sending Touch (ACTION_MOVE): 0:(249.7662,869.4804)
:Sending Touch (ACTION_MOVE): 0:(251.34367,867.5409)
:Sending Touch (ACTION_UP): 0:(256.93277,865.43024)
Sleeping for 500 milliseconds
:Sending Trackball (ACTION_MOVE): 0:(-2.0,1.0)
:Sending Trackball (ACTION_MOVE): 0:(2.0,2.0)
:Sending Trackball (ACTION_MOVE): 0:(3.0,3.0)
:Sending Trackball (ACTION_MOVE): 0:(4.0,4.0)
:Sending Trackball (ACTION_MOVE): 0:(2.0,2.0)
:Sending Trackball (ACTION_MOVE): 0:(-2.0,-2.0)
:Sending Trackball (ACTION_MOVE): 0:(-3.0,-5.0)
:Sending Trackball (ACTION_MOVE): 0:(-3.0,-4.0)
:Sending Trackball (ACTION_MOVE): 0:(3.0,3.0)
:Sending Trackball (ACTION_MOVE): 0:(3.0,-2.0)
:Sending Key (ACTION_DOWN): 23    // KEYCODE_DPAD_CENTER
:Sending Key (ACTION_UP): 23    // KEYCODE_DPAD_CENTER
Sleeping for 500 milliseconds
:Sending Touch (ACTION_DOWN): 0:(490.0,0.0)
:Sending Touch (ACTION_UP): 0:(480.46472,0.0)
Sleeping for 500 milliseconds
:Sending Touch (ACTION_DOWN): 0:(588.0,641.0)
:Sending Touch (ACTION_UP): 0:(588.9724,632.40125)
Sleeping for 500 milliseconds
:Sending Key (ACTION_DOWN): 204    // KEYCODE_LANGUAGE_SWITCH
:Sending Key (ACTION_UP): 204    // KEYCODE_LANGUAGE_SWITCH
Sleeping for 500 milliseconds
:Sending Key (ACTION_DOWN): 21    // KEYCODE_DPAD_LEFT
:Sending Key (ACTION_UP): 21    // KEYCODE_DPAD_LEFT
Sleeping for 500 milliseconds
:Sending Trackball (ACTION_MOVE): 0:(1.0,-2.0)
:Sending Trackball (ACTION_MOVE): 0:(-1.0,4.0)
:Sending Trackball (ACTION_MOVE): 0:(-2.0,-4.0)
:Sending Trackball (ACTION_MOVE): 0:(1.0,-3.0)
:Sending Trackball (ACTION_MOVE): 0:(0.0,-1.0)
:Sending Trackball (ACTION_MOVE): 0:(-3.0,3.0)
:Sending Trackball (ACTION_MOVE): 0:(2.0,-1.0)
:Sending Trackball (ACTION_MOVE): 0:(2.0,0.0)
:Sending Trackball (ACTION_MOVE): 0:(-5.0,0.0)
:Sending Trackball (ACTION_MOVE): 0:(-5.0,4.0)
:Sending Key (ACTION_DOWN): 82    // KEYCODE_MENU
:Sending Key (ACTION_UP): 82    // KEYCODE_MENU
Sleeping for 500 milliseconds
:Sending Key (ACTION_DOWN): 82    // KEYCODE_MENU
:Sending Key (ACTION_UP): 82    // KEYCODE_MENU
Sleeping for 500 milliseconds
:Sending Key (ACTION_DOWN): 19    // KEYCODE_DPAD_UP
:Sending Key (ACTION_UP): 19    // KEYCODE_DPAD_UP
Sleeping for 500 milliseconds
:Sending Touch (ACTION_DOWN): 0:(939.0,1264.0)
:Sending Touch (ACTION_UP): 0:(938.00757,1265.1135)
Sleeping for 500 milliseconds
:Sending Key (ACTION_DOWN): 20    // KEYCODE_DPAD_DOWN
:Sending Key (ACTION_UP): 20    // KEYCODE_DPAD_DOWN
Sleeping for 500 milliseconds
:Sending Touch (ACTION_DOWN): 0:(787.0,1474.0)
:Sending Touch (ACTION_UP): 0:(785.0104,1477.5016)
Sleeping for 500 milliseconds
:Sending Trackball (ACTION_MOVE): 0:(-1.0,4.0)
:Sending Trackball (ACTION_MOVE): 0:(-4.0,-2.0)
:Sending Trackball (ACTION_MOVE): 0:(-2.0,-3.0)
:Sending Trackball (ACTION_MOVE): 0:(-1.0,-4.0)
:Sending Trackball (ACTION_MOVE): 0:(4.0,-4.0)
:Sending Trackball (ACTION_MOVE): 0:(1.0,-2.0)
:Sending Trackball (ACTION_MOVE): 0:(1.0,-3.0)
:Sending Trackball (ACTION_MOVE): 0:(4.0,-4.0)
:Sending Trackball (ACTION_MOVE): 0:(-2.0,-1.0)
:Sending Trackball (ACTION_MOVE): 0:(2.0,0.0)
:Sending Touch (ACTION_DOWN): 0:(847.0,2321.0)
:Sending Touch (ACTION_MOVE): 0:(844.65393,2319.688)
:Sending Touch (ACTION_MOVE): 0:(839.9102,2317.9714)
:Sending Touch (ACTION_MOVE): 0:(832.0472,2315.8003)
:Sending Touch (ACTION_MOVE): 0:(822.06995,2312.1143)
:Sending Touch (ACTION_MOVE): 0:(813.4175,2309.8684)
    //[calendar_time:2018-11-20 22:26:12.927  system_uptime:676151504]
    // Sending event #400
:Sending Touch (ACTION_MOVE): 0:(799.7588,2305.8271)
:Sending Touch (ACTION_MOVE): 0:(791.3734,2302.6404)
:Sending Touch (ACTION_MOVE): 0:(789.1797,2298.7588)
:Sending Touch (ACTION_MOVE): 0:(782.4609,2296.6567)
:Sending Touch (ACTION_UP): 0:(779.9919,2295.5503)
Sleeping for 500 milliseconds
:Sending Touch (ACTION_DOWN): 0:(277.0,1395.0)
:Sending Touch (ACTION_UP): 0:(274.68073,1376.157)
Sleeping for 500 milliseconds
:Sending Touch (ACTION_DOWN): 0:(557.0,274.0)
:Sending Touch (ACTION_POINTER_DOWN 1): 0:(568.03766,255.75507) 1:(413.0,48.0)
:Sending Touch (ACTION_MOVE): 0:(584.0375,243.62004) 1:(427.31006,54.340515)
:Sending Touch (ACTION_MOVE): 0:(593.13824,234.51086) 1:(441.49918,58.957214)
:Sending Touch (ACTION_MOVE): 0:(609.288,225.31894) 1:(446.94525,67.00569)
:Sending Touch (ACTION_MOVE): 0:(613.134,220.59544) 1:(462.2585,72.608246)
:Sending Touch (ACTION_MOVE): 0:(617.09204,217.54799) 1:(475.08823,79.76193)
:Sending Touch (ACTION_POINTER_UP 1): 0:(633.0159,213.15869) 1:(488.6718,86.41495)
:Sending Touch (ACTION_UP): 0:(643.001,193.48251)
Sleeping for 500 milliseconds
:Sending Key (ACTION_DOWN): 82    // KEYCODE_MENU
:Sending Key (ACTION_UP): 82    // KEYCODE_MENU
Sleeping for 500 milliseconds
:Sending Key (ACTION_DOWN): 16    // KEYCODE_9
:Sending Key (ACTION_UP): 16    // KEYCODE_9
Sleeping for 500 milliseconds
:Sending Key (ACTION_DOWN): 19    // KEYCODE_DPAD_UP
:Sending Key (ACTION_UP): 19    // KEYCODE_DPAD_UP
Sleeping for 500 milliseconds
:Switch: #Intent;action=android.intent.action.MAIN;category=android.intent.category.LAUNCHER;launchFlags=0x10200000;component=com.netease.play/.appstart.LoadingActivity;end
    // Allowing start of Intent { act=android.intent.action.MAIN cat=[android.intent.category.LAUNCHER] cmp=com.netease.play/.appstart.LoadingActivity } in package com.netease.play
Sleeping for 500 milliseconds
:Sending Touch (ACTION_DOWN): 0:(206.0,1129.0)
:Sending Touch (ACTION_UP): 0:(225.46718,1127.3799)
Sleeping for 500 milliseconds
:Sending Touch (ACTION_DOWN): 0:(41.0,2293.0)
:Sending Touch (ACTION_MOVE): 0:(37.24854,2290.9893)
:Sending Touch (ACTION_MOVE): 0:(32.880646,2289.327)
:Sending Touch (ACTION_MOVE): 0:(30.350391,2281.5996)
:Sending Touch (ACTION_MOVE): 0:(28.693611,2278.8901)
:Sending Touch (ACTION_MOVE): 0:(26.865643,2278.3242)
:Sending Touch (ACTION_MOVE): 0:(23.940464,2270.6846)
:Sending Touch (ACTION_MOVE): 0:(19.637802,2263.6433)
:Sending Touch (ACTION_UP): 0:(15.5830145,2256.1848)
Sleeping for 500 milliseconds
:Sending Trackball (ACTION_MOVE): 0:(2.0,-3.0)
:Sending Trackball (ACTION_MOVE): 0:(2.0,4.0)
:Sending Trackball (ACTION_MOVE): 0:(2.0,-4.0)
:Sending Trackball (ACTION_MOVE): 0:(3.0,1.0)
:Sending Trackball (ACTION_MOVE): 0:(2.0,0.0)
:Sending Trackball (ACTION_MOVE): 0:(2.0,-2.0)
:Sending Trackball (ACTION_MOVE): 0:(-5.0,0.0)
:Sending Trackball (ACTION_MOVE): 0:(-3.0,0.0)
:Sending Trackball (ACTION_MOVE): 0:(-1.0,-3.0)
:Sending Trackball (ACTION_MOVE): 0:(-2.0,3.0)
:Sending Touch (ACTION_DOWN): 0:(749.0,46.0)
:Sending Touch (ACTION_UP): 0:(757.1993,60.965065)
Sleeping for 500 milliseconds
:Sending Touch (ACTION_DOWN): 0:(368.0,1424.0)
:Sending Touch (ACTION_UP): 0:(369.07828,1432.382)
Sleeping for 500 milliseconds
:Sending Touch (ACTION_DOWN): 0:(463.0,834.0)
:Sending Touch (ACTION_UP): 0:(463.79935,850.6617)
Sleeping for 500 milliseconds
:Switch: #Intent;action=android.intent.action.MAIN;category=android.intent.category.LAUNCHER;launchFlags=0x10200000;component=com.netease.play/.appstart.LoadingActivity;end
    // Allowing start of Intent { act=android.intent.action.MAIN cat=[android.intent.category.LAUNCHER] cmp=com.netease.play/.appstart.LoadingActivity } in package com.netease.play
Sleeping for 500 milliseconds
:Sending Key (ACTION_DOWN): 23    // KEYCODE_DPAD_CENTER
:Sending Key (ACTION_UP): 23    // KEYCODE_DPAD_CENTER
Sleeping for 500 milliseconds
    // activityResuming(com.netease.play)
:Sending Key (ACTION_DOWN): 369    // 369
:Sending Key (ACTION_UP): 369    // 369
Sleeping for 500 milliseconds
:Sending Key (ACTION_DOWN): 19    // KEYCODE_DPAD_UP
:Sending Key (ACTION_UP): 19    // KEYCODE_DPAD_UP
Sleeping for 500 milliseconds
:Sending Key (ACTION_DOWN): 620    // 620
:Sending Key (ACTION_UP): 620    // 620
Sleeping for 500 milliseconds
:Sending Key (ACTION_DOWN): 22    // KEYCODE_DPAD_RIGHT
:Sending Key (ACTION_UP): 22    // KEYCODE_DPAD_RIGHT
Sleeping for 500 milliseconds
:Sending Key (ACTION_DOWN): 21    // KEYCODE_DPAD_LEFT
:Sending Key (ACTION_UP): 21    // KEYCODE_DPAD_LEFT
Sleeping for 500 milliseconds
:Sending Key (ACTION_DOWN): 19    // KEYCODE_DPAD_UP
:Sending Key (ACTION_UP): 19    // KEYCODE_DPAD_UP
Sleeping for 500 milliseconds
:Sending Trackball (ACTION_MOVE): 0:(1.0,3.0)
:Sending Trackball (ACTION_MOVE): 0:(-3.0,-3.0)
:Sending Trackball (ACTION_MOVE): 0:(2.0,0.0)
:Sending Trackball (ACTION_MOVE): 0:(-5.0,4.0)
:Sending Trackball (ACTION_MOVE): 0:(-2.0,-2.0)
:Sending Trackball (ACTION_MOVE): 0:(-3.0,0.0)
:Sending Trackball (ACTION_MOVE): 0:(2.0,-4.0)
:Sending Trackball (ACTION_MOVE): 0:(0.0,4.0)
:Sending Trackball (ACTION_MOVE): 0:(-2.0,-2.0)
:Sending Trackball (ACTION_MOVE): 0:(2.0,4.0)
:Sending Key (ACTION_DOWN): 19    // KEYCODE_DPAD_UP
:Sending Key (ACTION_UP): 19    // KEYCODE_DPAD_UP
Sleeping for 500 milliseconds
:Sending Key (ACTION_DOWN): 23    // KEYCODE_DPAD_CENTER
:Sending Key (ACTION_UP): 23    // KEYCODE_DPAD_CENTER
Sleeping for 500 milliseconds
:Sending Key (ACTION_DOWN): 21    // KEYCODE_DPAD_LEFT
:Sending Key (ACTION_UP): 21    // KEYCODE_DPAD_LEFT
Sleeping for 500 milliseconds
:Sending Key (ACTION_DOWN): 23    // KEYCODE_DPAD_CENTER
:Sending Key (ACTION_UP): 23    // KEYCODE_DPAD_CENTER
Sleeping for 500 milliseconds
:Sending Key (ACTION_DOWN): 23    // KEYCODE_DPAD_CENTER
:Sending Key (ACTION_UP): 23    // KEYCODE_DPAD_CENTER
Sleeping for 500 milliseconds
:Sending Touch (ACTION_DOWN): 0:(616.0,2136.0)
:Sending Touch (ACTION_POINTER_DOWN 1): 0:(613.2911,2129.2493) 1:(600.0,1631.0)
:Sending Touch (ACTION_MOVE): 0:(610.39777,2121.7761) 1:(599.23346,1630.0215)
:Sending Touch (ACTION_MOVE): 0:(608.5667,2112.4482) 1:(587.58826,1623.5154)
:Sending Touch (ACTION_MOVE): 0:(602.8557,2103.003) 1:(579.4854,1614.1436)
:Sending Touch (ACTION_MOVE): 0:(586.143,2099.3389) 1:(570.4922,1607.6095)
:Sending Touch (ACTION_MOVE): 0:(567.46606,2095.6865) 1:(560.7496,1599.2723)
:Sending Touch (ACTION_MOVE): 0:(551.1204,2092.8013) 1:(559.20844,1596.2776)
:Sending Touch (ACTION_MOVE): 0:(538.8209,2084.3887) 1:(549.1859,1591.7339)
:Sending Touch (ACTION_MOVE): 0:(528.4928,2081.5503) 1:(547.853,1587.1567)
:Sending Touch (ACTION_MOVE): 0:(526.0766,2073.348) 1:(540.92053,1581.7869)
:Sending Touch (ACTION_POINTER_UP 1): 0:(511.70135,2068.3992) 1:(535.33966,1579.1204)
:Sending Touch (ACTION_UP): 0:(506.5489,2067.59)
Sleeping for 500 milliseconds
:Sending Touch (ACTION_DOWN): 0:(219.0,897.0)
:Sending Touch (ACTION_MOVE): 0:(220.84418,906.6912)
Events injected: 500
:Sending rotation degree=0, persist=false
:Dropped: keys=0 pointers=0 trackballs=0 flips=0 rotations=0
## Network stats: elapsed time=58265ms (0ms mobile, 0ms wifi, 58265ms not connected)
// Monkey finished
