  bash arg: -p
  bash arg: com.netease.play
  bash arg: --throttle
  bash arg: 500
  bash arg: --ignore-timeouts
  bash arg: --ignore-crashes
  bash arg: --monitor-native-crashes
  bash arg: -v
  bash arg: -v
  bash arg: -v
  bash arg: 500
args: [-p, com.netease.play, --throttle, 500, --ignore-timeouts, --ignore-crashes, --monitor-native-crashes, -v, -v, -v, 500]
 arg: "-p"
 arg: "com.netease.play"
 arg: "--throttle"
 arg: "500"
 arg: "--ignore-timeouts"
 arg: "--ignore-crashes"
 arg: "--monitor-native-crashes"
 arg: "-v"
 arg: "-v"
 arg: "-v"
 arg: "500"
data="com.netease.play"
arg="--throttle" mCurArgData="null" mNextArg=3 argwas="--throttle" nextarg="500"
data="500"
arg="--ignore-timeouts" mCurArgData="null" mNextArg=5 argwas="--ignore-timeouts" nextarg="--ignore-crashes"
arg="--ignore-crashes" mCurArgData="null" mNextArg=6 argwas="--ignore-crashes" nextarg="--monitor-native-crashes"
arg="--monitor-native-crashes" mCurArgData="null" mNextArg=7 argwas="--monitor-native-crashes" nextarg="-v"
:Monkey: seed=1542774844519 count=500
:AllowPackage: com.netease.play
:IncludeCategory: android.intent.category.LAUNCHER
:IncludeCategory: android.intent.category.MONKEY
// Selecting main activities from category android.intent.category.LAUNCHER
//   - NOT USING main activity com.android.calendar.AllInOneActivity (from package com.android.calendar)
//   - NOT USING main activity com.android.contacts.activities.PeopleActivity (from package com.android.contacts)
//   - NOT USING main activity com.android.contacts.activities.DialtactsActivity (from package com.android.contacts)
//   - NOT USING main activity com.android.deskclock.AlarmsMainActivity (from package com.android.deskclock)
//   - NOT USING main activity com.android.email.activity.Welcome (from package com.android.email)
//   - NOT USING main activity com.huawei.gallery.app.GalleryMain (from package com.android.gallery3d)
//   - NOT USING main activity com.android.mediacenter.PageActivity (from package com.android.mediacenter)
//   - NOT USING main activity com.android.mms.ui.ConversationList (from package com.android.mms)
//   - NOT USING main activity com.android.settings.HWSettings (from package com.android.settings)
//   - NOT USING main activity com.baidu.baidumaps.WelcomeScreen (from package com.baidu.BaiduMap)
//   - NOT USING main activity com.example.android.notepad.NotePadActivity (from package com.example.android.notepad)
//   - NOT USING main activity com.huawei.android.findmyphone.ui.FindMyPhoneActivity (from package com.huawei.android.findmyphone)
//   - NOT USING main activity com.huawei.android.tips.DrawerDisplayActivity (from package com.huawei.android.tips)
//   - NOT USING main activity com.huawei.camera (from package com.huawei.camera)
//   - NOT USING main activity com.huawei.gamebox.GameBoxActivity (from package com.huawei.gamebox)
//   - NOT USING main activity com.huawei.hidisk.filemanager.FileManager (from package com.huawei.hidisk)
//   - NOT USING main activity com.huawei.himovie.ui.login.SplashScreenActivity (from package com.huawei.himovie)
//   - NOT USING main activity com.huawei.skytone.account.welcome.SplashActivity (from package com.huawei.hiskytone)
//   - NOT USING main activity cn.wps.moffice.documentmanager.PreStartActivity (from package cn.wps.moffice_eng)
//   - NOT USING main activity com.mqunar.splash.SplashActivity (from package com.Qunar)
//   - NOT USING main activity com.tencent.mtt.SplashActivity (from package com.android.browser)
//   - NOT USING main activity com.android.calculator2.Calculator (from package com.android.calculator2)
//   - NOT USING main activity com.android.documentsui.LauncherActivity (from package com.android.documentsui)
//   - NOT USING main activity com.android.hwmirror.Mirror (from package com.android.hwmirror)
//   - NOT USING main activity com.android.soundrecorder.SoundRecorder (from package com.android.soundrecorder)
//   - NOT USING main activity com.android.stk.StkLauncherActivity (from package com.android.stk)
//   - NOT USING main activity com.android.stk.StkLauncherActivity2 (from package com.android.stk)
//   - NOT USING main activity com.android.systemui.flashlight.FlashlightActivity (from package com.android.systemui)
//   - NOT USING main activity com.baidu.searchbox.SplashActivity (from package com.baidu.searchbox)
//   - NOT USING main activity com.changba.splash.Welcome (from package com.changba)
//   - NOT USING main activity com.dianping.main.guide.SplashScreenActivity (from package com.dianping.v1)
//   - NOT USING main activity com.huawei.android.clone.activity.sender.ChooseRecevieSendActivity (from package com.hicloud.android.clone)
//   - NOT USING main activity com.huawei.KoBackup.InitializeActivity (from package com.huawei.KoBackup)
//   - NOT USING main activity com.huawei.android.FMRadio.FMRadioMainActivity (from package com.huawei.android.FMRadio)
//   - NOT USING main activity com.huawei.android.hwouc.ui.activities.MainEntranceActivity (from package com.huawei.android.hwouc)
//   - NOT USING main activity com.huawei.android.thememanager.PageActivity (from package com.huawei.android.thememanager)
//   - NOT USING main activity com.huawei.android.totemweatherapp.WeatherHome (from package com.huawei.android.totemweatherapp)
//   - NOT USING main activity com.huawei.appmarket.MainActivity (from package com.huawei.appmarket)
//   - NOT USING main activity com.huawei.compass.MainActivity (from package com.huawei.compass)
//   - NOT USING main activity com.huawei.fans.activity.MainActivity (from package com.huawei.fans)
//   - NOT USING main activity com.huawei.gameassistant.views.GameassistantMainActivity (from package com.huawei.gameassistant)
//   - NOT USING main activity com.huawei.health.MainActivity (from package com.huawei.health)
//   - NOT USING main activity com.qq.reader.activity.SplashActivity (from package com.huawei.hnreader)
//   - NOT USING main activity com.huawei.hwvplayer.framework.MainActivity (from package com.huawei.hwvplayer.youku)
//   - NOT USING main activity com.huawei.lifeservice.basefunction.ui.entry.LandingActivity (from package com.huawei.lives)
//   - NOT USING main activity com.huawei.phoneservice.LaunchActivity (from package com.huawei.phoneservice)
//   - NOT USING main activity com.huawei.systemmanager.mainscreen.MainScreenActivity (from package com.huawei.systemmanager)
//   - NOT USING main activity com.huawei.trustspace.mainscreen.LoadActivity (from package com.huawei.trustspace)
//   - NOT USING main activity com.huawei.vassistant.ui.main.VAssistantActivity (from package com.huawei.vassistant)
//   - NOT USING main activity com.huawei.vdrive.ui.VDriveActivity (from package com.huawei.vdrive)
//   - NOT USING main activity com.huawei.wallet.view.MainActivity (from package com.huawei.wallet)
//   - NOT USING main activity com.jingdong.app.mall.main.MainActivity (from package com.jingdong.app.mall)
//   - NOT USING main activity com.meituan.android.pt.homepage.activity.Welcome (from package com.sankuai.meituan)
//   - NOT USING main activity com.yxcorp.gifshow.HomeActivity (from package com.smile.gifmaker)
//   - NOT USING main activity com.ss.android.article.news.activity.SplashBadgeActivity (from package com.ss.android.article.news)
//   - NOT USING main activity com.ss.android.ugc.live.main.MainActivity (from package com.ss.android.ugc.live)
//   - NOT USING main activity com.tencent.news.activity.SplashActivity (from package com.tencent.news)
//   - NOT USING main activity com.vmall.client.splash.fragment.SplashActivity (from package com.vmall.client)
//   - NOT USING main activity com.eg.android.AlipayGphone.AlipayLogin (from package com.eg.android.AlipayGphone)
//   - NOT USING main activity com.netease.cloudmusic.activity.LoadingActivity (from package com.netease.cloudmusic)
//   + Using main activity com.netease.play.appstart.LoadingActivity (from package com.netease.play)
//   - NOT USING main activity com.phikod.deviceportinfo.activity.MainActivity (from package com.phikod.deviceportinfo)
//   - NOT USING main activity com.taobao.tao.welcome.Welcome (from package com.taobao.taobao)
//   - NOT USING main activity com.tencent.mm.ui.LauncherUI (from package com.tencent.mm)
// Selecting main activities from category android.intent.category.MONKEY
//   - NOT USING main activity com.android.settings.Settings$RunningServicesActivity (from package com.android.settings)
//   - NOT USING main activity com.android.settings.Settings$StorageUseActivity (from package com.android.settings)
//   - NOT USING main activity com.huawei.android.launcher.unihome.UniHomeLauncher (from package com.huawei.android.launcher)
//   - NOT USING main activity com.huawei.vdrive.ui.LauncherActivity (from package com.huawei.vdrive)
// Seeded: 1542774844519
// Event percentages:
//   0: 15.0%
//   1: 10.0%
//   2: 2.0%
//   3: 15.0%
//   4: -0.0%
//   5: -0.0%
//   6: 25.0%
//   7: 15.0%
//   8: 2.0%
//   9: 2.0%
//   10: 1.0%
//   11: 13.0%
:Switch: #Intent;action=android.intent.action.MAIN;category=android.intent.category.LAUNCHER;launchFlags=0x10200000;component=com.netease.play/.appstart.LoadingActivity;end
    // Allowing start of Intent { act=android.intent.action.MAIN cat=[android.intent.category.LAUNCHER] cmp=com.netease.play/.appstart.LoadingActivity } in package com.netease.play
Sleeping for 500 milliseconds
:Sending Trackball (ACTION_MOVE): 0:(1.0,4.0)
:Sending Trackball (ACTION_MOVE): 0:(4.0,-2.0)
:Sending Trackball (ACTION_MOVE): 0:(1.0,3.0)
:Sending Trackball (ACTION_MOVE): 0:(4.0,3.0)
:Sending Trackball (ACTION_MOVE): 0:(-3.0,4.0)
:Sending Trackball (ACTION_MOVE): 0:(-4.0,-3.0)
:Sending Trackball (ACTION_MOVE): 0:(-3.0,2.0)
:Sending Trackball (ACTION_MOVE): 0:(-4.0,-2.0)
:Sending Trackball (ACTION_MOVE): 0:(-3.0,0.0)
:Sending Trackball (ACTION_MOVE): 0:(3.0,4.0)
:Sending Trackball (ACTION_DOWN): 0:(0.0,0.0)
:Sending Trackball (ACTION_UP): 0:(0.0,0.0)
Sleeping for 500 milliseconds
:Sending Key (ACTION_DOWN): 556    // 556
:Sending Key (ACTION_UP): 556    // 556
Sleeping for 500 milliseconds
:Sending Key (ACTION_DOWN): 23    // KEYCODE_DPAD_CENTER
:Sending Key (ACTION_UP): 23    // KEYCODE_DPAD_CENTER
Sleeping for 500 milliseconds
:Sending Key (ACTION_DOWN): 82    // KEYCODE_MENU
:Sending Key (ACTION_UP): 82    // KEYCODE_MENU
Sleeping for 500 milliseconds
:Sending Key (ACTION_DOWN): 21    // KEYCODE_DPAD_LEFT
:Sending Key (ACTION_UP): 21    // KEYCODE_DPAD_LEFT
Sleeping for 500 milliseconds
:Sending Trackball (ACTION_MOVE): 0:(1.0,0.0)
:Sending Trackball (ACTION_MOVE): 0:(4.0,-5.0)
:Sending Trackball (ACTION_MOVE): 0:(-3.0,-1.0)
:Sending Trackball (ACTION_MOVE): 0:(3.0,-4.0)
:Sending Trackball (ACTION_MOVE): 0:(-2.0,-3.0)
:Sending Trackball (ACTION_MOVE): 0:(4.0,2.0)
:Sending Trackball (ACTION_MOVE): 0:(-2.0,-3.0)
:Sending Trackball (ACTION_MOVE): 0:(4.0,2.0)
:Sending Trackball (ACTION_MOVE): 0:(-5.0,1.0)
:Sending Trackball (ACTION_MOVE): 0:(-1.0,-3.0)
:Sending Key (ACTION_DOWN): 23    // KEYCODE_DPAD_CENTER
:Sending Key (ACTION_UP): 23    // KEYCODE_DPAD_CENTER
Sleeping for 500 milliseconds
:Sending Key (ACTION_DOWN): 19    // KEYCODE_DPAD_UP
:Sending Key (ACTION_UP): 19    // KEYCODE_DPAD_UP
Sleeping for 500 milliseconds
:Sending Trackball (ACTION_MOVE): 0:(-3.0,-4.0)
:Sending Trackball (ACTION_MOVE): 0:(-2.0,-5.0)
:Sending Trackball (ACTION_MOVE): 0:(-3.0,-3.0)
:Sending Trackball (ACTION_MOVE): 0:(-3.0,-5.0)
:Sending Trackball (ACTION_MOVE): 0:(-5.0,-2.0)
:Sending Trackball (ACTION_MOVE): 0:(-2.0,-1.0)
:Sending Trackball (ACTION_MOVE): 0:(-1.0,-1.0)
:Sending Trackball (ACTION_MOVE): 0:(0.0,-2.0)
:Sending Trackball (ACTION_MOVE): 0:(4.0,-3.0)
:Sending Trackball (ACTION_MOVE): 0:(-5.0,2.0)
:Sending Key (ACTION_DOWN): 21    // KEYCODE_DPAD_LEFT
:Sending Key (ACTION_UP): 21    // KEYCODE_DPAD_LEFT
Sleeping for 500 milliseconds
:Sending Key (ACTION_DOWN): 82    // KEYCODE_MENU
:Sending Key (ACTION_UP): 82    // KEYCODE_MENU
Sleeping for 500 milliseconds
:Sending Touch (ACTION_DOWN): 0:(168.0,1270.0)
:Sending Touch (ACTION_UP): 0:(168.01884,1267.402)
Sleeping for 500 milliseconds
:Sending Key (ACTION_DOWN): 24    // KEYCODE_VOLUME_UP
:Sending Key (ACTION_UP): 24    // KEYCODE_VOLUME_UP
Sleeping for 500 milliseconds
:Switch: #Intent;action=android.intent.action.MAIN;category=android.intent.category.LAUNCHER;launchFlags=0x10200000;component=com.netease.play/.appstart.LoadingActivity;end
    // Allowing start of Intent { act=android.intent.action.MAIN cat=[android.intent.category.LAUNCHER] cmp=com.netease.play/.appstart.LoadingActivity } in package com.netease.play
Sleeping for 500 milliseconds
:Sending Key (ACTION_DOWN): 20    // KEYCODE_DPAD_DOWN
:Sending Key (ACTION_UP): 20    // KEYCODE_DPAD_DOWN
Sleeping for 500 milliseconds
:Sending Key (ACTION_DOWN): 22    // KEYCODE_DPAD_RIGHT
:Sending Key (ACTION_UP): 22    // KEYCODE_DPAD_RIGHT
Sleeping for 500 milliseconds
:Sending Key (ACTION_DOWN): 82    // KEYCODE_MENU
:Sending Key (ACTION_UP): 82    // KEYCODE_MENU
Sleeping for 500 milliseconds
:Sending Key (ACTION_DOWN): 612    // 612
:Sending Key (ACTION_UP): 612    // 612
Sleeping for 500 milliseconds
:Sending Trackball (ACTION_MOVE): 0:(1.0,0.0)
:Sending Trackball (ACTION_MOVE): 0:(-5.0,-3.0)
:Sending Trackball (ACTION_MOVE): 0:(3.0,0.0)
:Sending Trackball (ACTION_MOVE): 0:(3.0,-2.0)
:Sending Trackball (ACTION_MOVE): 0:(-3.0,-2.0)
:Sending Trackball (ACTION_MOVE): 0:(-2.0,-4.0)
:Sending Trackball (ACTION_MOVE): 0:(3.0,3.0)
:Sending Trackball (ACTION_MOVE): 0:(3.0,-2.0)
:Sending Trackball (ACTION_MOVE): 0:(-2.0,4.0)
:Sending Trackball (ACTION_MOVE): 0:(-2.0,1.0)
:Sending Trackball (ACTION_MOVE): 0:(3.0,-3.0)
:Sending Trackball (ACTION_MOVE): 0:(4.0,-5.0)
:Sending Trackball (ACTION_MOVE): 0:(-1.0,-1.0)
:Sending Trackball (ACTION_MOVE): 0:(3.0,-4.0)
:Sending Trackball (ACTION_MOVE): 0:(-3.0,-4.0)
:Sending Trackball (ACTION_MOVE): 0:(0.0,-1.0)
:Sending Trackball (ACTION_MOVE): 0:(0.0,0.0)
:Sending Trackball (ACTION_MOVE): 0:(-2.0,1.0)
:Sending Trackball (ACTION_MOVE): 0:(2.0,-5.0)
:Sending Trackball (ACTION_MOVE): 0:(2.0,-2.0)
:Sending Key (ACTION_DOWN): 23    // KEYCODE_DPAD_CENTER
:Sending Key (ACTION_UP): 23    // KEYCODE_DPAD_CENTER
Sleeping for 500 milliseconds
:Sending Key (ACTION_DOWN): 19    // KEYCODE_DPAD_UP
:Sending Key (ACTION_UP): 19    // KEYCODE_DPAD_UP
Sleeping for 500 milliseconds
:Sending Key (ACTION_DOWN): 355    // 355
:Sending Key (ACTION_UP): 355    // 355
Sleeping for 500 milliseconds
:Sending Key (ACTION_DOWN): 82    // KEYCODE_MENU
:Sending Key (ACTION_UP): 82    // KEYCODE_MENU
Sleeping for 500 milliseconds
:Sending Trackball (ACTION_MOVE): 0:(3.0,-2.0)
:Sending Trackball (ACTION_MOVE): 0:(0.0,-2.0)
:Sending Trackball (ACTION_MOVE): 0:(-1.0,0.0)
:Sending Trackball (ACTION_MOVE): 0:(2.0,4.0)
:Sending Trackball (ACTION_MOVE): 0:(2.0,-1.0)
:Sending Trackball (ACTION_MOVE): 0:(3.0,3.0)
:Sending Trackball (ACTION_MOVE): 0:(-2.0,2.0)
:Sending Trackball (ACTION_MOVE): 0:(1.0,-4.0)
:Sending Trackball (ACTION_MOVE): 0:(-4.0,-2.0)
:Sending Trackball (ACTION_MOVE): 0:(-5.0,4.0)
    //[calendar_time:2018-11-20 22:59:41.440  system_uptime:519285612]
    // Sending event #100
:Sending Touch (ACTION_DOWN): 0:(931.0,1390.0)
:Sending Touch (ACTION_UP): 0:(945.2488,1379.2213)
Sleeping for 500 milliseconds
:Switch: #Intent;action=android.intent.action.MAIN;category=android.intent.category.LAUNCHER;launchFlags=0x10200000;component=com.netease.play/.appstart.LoadingActivity;end
    // Allowing start of Intent { act=android.intent.action.MAIN cat=[android.intent.category.LAUNCHER] cmp=com.netease.play/.appstart.LoadingActivity } in package com.netease.play
Sleeping for 500 milliseconds
:Sending Touch (ACTION_DOWN): 0:(743.0,1959.0)
:Sending Touch (ACTION_MOVE): 0:(731.6942,1945.0176)
:Sending Touch (ACTION_MOVE): 0:(730.56976,1939.1678)
:Sending Touch (ACTION_UP): 0:(727.9885,1925.3688)
Sleeping for 500 milliseconds
