  bash arg: -p
  bash arg: com.netease.play
  bash arg: --throttle
  bash arg: 500
  bash arg: --ignore-timeouts
  bash arg: --ignore-crashes
  bash arg: --monitor-native-crashes
  bash arg: -v
  bash arg: -v
  bash arg: -v
  bash arg: 500
args: [-p, com.netease.play, --throttle, 500, --ignore-timeouts, --ignore-crashes, --monitor-native-crashes, -v, -v, -v, 500]
 arg: "-p"
 arg: "com.netease.play"
 arg: "--throttle"
 arg: "500"
 arg: "--ignore-timeouts"
 arg: "--ignore-crashes"
 arg: "--monitor-native-crashes"
 arg: "-v"
 arg: "-v"
 arg: "-v"
 arg: "500"
data="com.netease.play"
arg="--throttle" mCurArgData="null" mNextArg=3 argwas="--throttle" nextarg="500"
data="500"
arg="--ignore-timeouts" mCurArgData="null" mNextArg=5 argwas="--ignore-timeouts" nextarg="--ignore-crashes"
arg="--ignore-crashes" mCurArgData="null" mNextArg=6 argwas="--ignore-crashes" nextarg="--monitor-native-crashes"
arg="--monitor-native-crashes" mCurArgData="null" mNextArg=7 argwas="--monitor-native-crashes" nextarg="-v"
:Monkey: seed=1542766494193 count=500
:AllowPackage: com.netease.play
:IncludeCategory: android.intent.category.LAUNCHER
:IncludeCategory: android.intent.category.MONKEY
// Selecting main activities from category android.intent.category.LAUNCHER
//   - NOT USING main activity com.android.calendar.AllInOneActivity (from package com.android.calendar)
//   - NOT USING main activity com.android.contacts.activities.PeopleActivity (from package com.android.contacts)
//   - NOT USING main activity com.android.contacts.activities.DialtactsActivity (from package com.android.contacts)
//   - NOT USING main activity com.android.deskclock.AlarmsMainActivity (from package com.android.deskclock)
//   - NOT USING main activity com.android.email.activity.Welcome (from package com.android.email)
//   - NOT USING main activity com.huawei.gallery.app.GalleryMain (from package com.android.gallery3d)
//   - NOT USING main activity com.android.mediacenter.PageActivity (from package com.android.mediacenter)
//   - NOT USING main activity com.android.mms.ui.ConversationList (from package com.android.mms)
//   - NOT USING main activity com.android.settings.HWSettings (from package com.android.settings)
//   - NOT USING main activity com.example.android.notepad.NotePadActivity (from package com.example.android.notepad)
//   - NOT USING main activity com.huawei.android.findmyphone.ui.FindMyPhoneActivity (from package com.huawei.android.findmyphone)
//   - NOT USING main activity com.huawei.android.tips.DrawerDisplayActivity (from package com.huawei.android.tips)
//   - NOT USING main activity com.huawei.camera (from package com.huawei.camera)
//   - NOT USING main activity com.huawei.hidisk.filemanager.FileManager (from package com.huawei.hidisk)
//   - NOT USING main activity com.huawei.himovie.ui.login.SplashScreenActivity (from package com.huawei.himovie)
//   - NOT USING main activity com.baidu.baidumaps.WelcomeScreen (from package com.baidu.BaiduMap)
//   - NOT USING main activity cn.wps.moffice.documentmanager.PreStartActivity (from package cn.wps.moffice_eng)
//   - NOT USING main activity com.tencent.mtt.SplashActivity (from package com.android.browser)
//   - NOT USING main activity com.android.calculator2.Calculator (from package com.android.calculator2)
//   - NOT USING main activity com.android.documentsui.LauncherActivity (from package com.android.documentsui)
//   - NOT USING main activity com.android.hwmirror.Mirror (from package com.android.hwmirror)
//   - NOT USING main activity com.android.mediacenter.PageActivity (from package com.android.imedia.syncplay)
//   - NOT USING main activity com.android.soundrecorder.SoundRecorder (from package com.android.soundrecorder)
//   - NOT USING main activity com.android.stk.StkLauncherActivity (from package com.android.stk)
//   - NOT USING main activity com.android.stk.StkLauncherActivity2 (from package com.android.stk)
//   - NOT USING main activity com.android.systemui.flashlight.FlashlightActivity (from package com.android.systemui)
//   - NOT USING main activity com.huawei.android.clone.activity.sender.ChooseRecevieSendActivity (from package com.hicloud.android.clone)
//   - NOT USING main activity com.huawei.KoBackup.InitializeActivity (from package com.huawei.KoBackup)
//   - NOT USING main activity com.huawei.android.hwouc.ui.activities.MainEntranceActivity (from package com.huawei.android.hwouc)
//   - NOT USING main activity com.huawei.android.thememanager.HwThemeManagerActivity (from package com.huawei.android.thememanager)
//   - NOT USING main activity com.huawei.android.totemweatherapp.WeatherHome (from package com.huawei.android.totemweatherapp)
//   - NOT USING main activity com.huawei.appmarket.MainActivity (from package com.huawei.appmarket)
//   - NOT USING main activity com.huawei.compass.MainActivity (from package com.huawei.compass)
//   - NOT USING main activity com.huawei.gameassistant.views.GameassistantMainActivity (from package com.huawei.gameassistant)
//   - NOT USING main activity com.huawei.phoneservice.LaunchActivity (from package com.huawei.phoneservice)
//   - NOT USING main activity com.huawei.systemmanager.mainscreen.MainScreenActivity (from package com.huawei.systemmanager)
//   - NOT USING main activity com.huawei.trustspace.mainscreen.LoadActivity (from package com.huawei.trustspace)
//   - NOT USING main activity com.huawei.vassistant.ui.main.VAssistantActivity (from package com.huawei.vassistant)
//   - NOT USING main activity com.huawei.vdrive.ui.VDriveActivity (from package com.huawei.vdrive)
//   - NOT USING main activity com.huawei.wallet.view.MainActivity (from package com.huawei.wallet)
//   - NOT USING main activity com.sina.weibo.SplashActivity (from package com.sina.weibo)
//   - NOT USING main activity com.ss.android.ugc.aweme.app.PermissionHintActivity (from package com.ss.android.ugc.aweme)
//   - NOT USING main activity com.eg.android.AlipayGphone.AlipayLogin (from package com.eg.android.AlipayGphone)
//   - NOT USING main activity com.netease.cloudmusic.activity.LoadingActivity (from package com.netease.cloudmusic)
//   + Using main activity com.netease.play.appstart.LoadingActivity (from package com.netease.play)
//   - NOT USING main activity com.taobao.tao.welcome.Welcome (from package com.taobao.taobao)
//   - NOT USING main activity com.tencent.mm.ui.LauncherUI (from package com.tencent.mm)
// Selecting main activities from category android.intent.category.MONKEY
//   - NOT USING main activity com.android.settings.Settings$RunningServicesActivity (from package com.android.settings)
//   - NOT USING main activity com.android.settings.Settings$StorageUseActivity (from package com.android.settings)
//   - NOT USING main activity com.huawei.android.launcher.unihome.UniHomeLauncher (from package com.huawei.android.launcher)
//   - NOT USING main activity com.huawei.vdrive.ui.LauncherActivity (from package com.huawei.vdrive)
// Seeded: 1542766494193
// Event percentages:
//   0: 15.0%
//   1: 10.0%
//   2: 2.0%
//   3: 15.0%
//   4: -0.0%
//   5: -0.0%
//   6: 25.0%
//   7: 15.0%
//   8: 2.0%
//   9: 2.0%
//   10: 1.0%
//   11: 13.0%
:Switch: #Intent;action=android.intent.action.MAIN;category=android.intent.category.LAUNCHER;launchFlags=0x10200000;component=com.netease.play/.appstart.LoadingActivity;end
    // Allowing start of Intent { act=android.intent.action.MAIN cat=[android.intent.category.LAUNCHER] cmp=com.netease.play/.appstart.LoadingActivity } in package com.netease.play
Sleeping for 500 milliseconds
:Sending Touch (ACTION_DOWN): 0:(609.0,847.0)
:Sending Touch (ACTION_MOVE): 0:(598.9374,842.12036)
:Sending Touch (ACTION_MOVE): 0:(592.60077,839.67615)
:Sending Touch (ACTION_MOVE): 0:(589.0315,826.535)
:Sending Touch (ACTION_MOVE): 0:(581.4799,813.8411)
:Sending Touch (ACTION_MOVE): 0:(573.3886,812.42194)
:Sending Touch (ACTION_MOVE): 0:(569.96893,807.24097)
:Sending Touch (ACTION_MOVE): 0:(561.4278,806.97174)
:Sending Touch (ACTION_MOVE): 0:(560.6323,793.8547)
:Sending Touch (ACTION_UP): 0:(552.5048,787.1147)
Sleeping for 500 milliseconds
:Sending Key (ACTION_DOWN): 21    // KEYCODE_DPAD_LEFT
:Sending Key (ACTION_UP): 21    // KEYCODE_DPAD_LEFT
Sleeping for 500 milliseconds
:Sending Key (ACTION_DOWN): 82    // KEYCODE_MENU
:Sending Key (ACTION_UP): 82    // KEYCODE_MENU
Sleeping for 500 milliseconds
:Sending Key (ACTION_DOWN): 22    // KEYCODE_DPAD_RIGHT
:Sending Key (ACTION_UP): 22    // KEYCODE_DPAD_RIGHT
Sleeping for 500 milliseconds
:Sending Key (ACTION_DOWN): 22    // KEYCODE_DPAD_RIGHT
:Sending Key (ACTION_UP): 22    // KEYCODE_DPAD_RIGHT
Sleeping for 500 milliseconds
:Sending Key (ACTION_DOWN): 21    // KEYCODE_DPAD_LEFT
:Sending Key (ACTION_UP): 21    // KEYCODE_DPAD_LEFT
Sleeping for 500 milliseconds
:Sending Trackball (ACTION_MOVE): 0:(2.0,3.0)
:Sending Trackball (ACTION_MOVE): 0:(-3.0,-5.0)
:Sending Trackball (ACTION_MOVE): 0:(-3.0,-1.0)
:Sending Trackball (ACTION_MOVE): 0:(1.0,-3.0)
:Sending Trackball (ACTION_MOVE): 0:(3.0,-2.0)
:Sending Trackball (ACTION_MOVE): 0:(-2.0,1.0)
:Sending Trackball (ACTION_MOVE): 0:(0.0,3.0)
:Sending Trackball (ACTION_MOVE): 0:(4.0,3.0)
:Sending Trackball (ACTION_MOVE): 0:(2.0,0.0)
:Sending Trackball (ACTION_MOVE): 0:(4.0,1.0)
:Sending Touch (ACTION_DOWN): 0:(290.0,906.0)
:Sending Touch (ACTION_MOVE): 0:(300.2132,900.78827)
:Sending Touch (ACTION_UP): 0:(308.47223,895.18164)
Sleeping for 500 milliseconds
    // Allowing start of Intent { cmp=com.netease.play/.livepage.LiveViewerActivity } in package com.netease.play
:Sending Key (ACTION_DOWN): 136    // KEYCODE_F6
:Sending Key (ACTION_UP): 136    // KEYCODE_F6
Sleeping for 500 milliseconds
:Sending Key (ACTION_DOWN): 20    // KEYCODE_DPAD_DOWN
:Sending Key (ACTION_UP): 20    // KEYCODE_DPAD_DOWN
Sleeping for 500 milliseconds
:Sending Touch (ACTION_DOWN): 0:(190.0,1711.0)
:Sending Touch (ACTION_MOVE): 0:(196.05527,1709.8351)
:Sending Touch (ACTION_MOVE): 0:(200.2104,1707.9856)
:Sending Touch (ACTION_MOVE): 0:(203.13222,1703.9133)
:Sending Touch (ACTION_MOVE): 0:(211.228,1701.8826)
:Sending Touch (ACTION_UP): 0:(213.7447,1699.0679)
Sleeping for 500 milliseconds
:Sending Trackball (ACTION_MOVE): 0:(1.0,-2.0)
:Sending Trackball (ACTION_MOVE): 0:(2.0,-3.0)
:Sending Trackball (ACTION_MOVE): 0:(-1.0,-5.0)
:Sending Trackball (ACTION_MOVE): 0:(-2.0,-2.0)
:Sending Trackball (ACTION_MOVE): 0:(-2.0,-2.0)
:Sending Trackball (ACTION_MOVE): 0:(0.0,4.0)
:Sending Trackball (ACTION_MOVE): 0:(-1.0,-1.0)
:Sending Trackball (ACTION_MOVE): 0:(-3.0,4.0)
:Sending Trackball (ACTION_MOVE): 0:(2.0,-4.0)
:Sending Trackball (ACTION_MOVE): 0:(-2.0,-4.0)
:Sending Key (ACTION_DOWN): 19    // KEYCODE_DPAD_UP
:Sending Key (ACTION_UP): 19    // KEYCODE_DPAD_UP
Sleeping for 500 milliseconds
:Sending Key (ACTION_DOWN): 19    // KEYCODE_DPAD_UP
:Sending Key (ACTION_UP): 19    // KEYCODE_DPAD_UP
Sleeping for 500 milliseconds
:Sending Trackball (ACTION_MOVE): 0:(-4.0,-4.0)
:Sending Trackball (ACTION_MOVE): 0:(3.0,-4.0)
:Sending Trackball (ACTION_MOVE): 0:(-3.0,4.0)
:Sending Trackball (ACTION_MOVE): 0:(-2.0,-1.0)
:Sending Trackball (ACTION_MOVE): 0:(-2.0,-3.0)
:Sending Trackball (ACTION_MOVE): 0:(3.0,-1.0)
:Sending Trackball (ACTION_MOVE): 0:(0.0,-4.0)
:Sending Trackball (ACTION_MOVE): 0:(-5.0,2.0)
:Sending Trackball (ACTION_MOVE): 0:(-1.0,2.0)
:Sending Trackball (ACTION_MOVE): 0:(2.0,-2.0)
:Sending Trackball (ACTION_MOVE): 0:(0.0,-2.0)
:Sending Trackball (ACTION_MOVE): 0:(-2.0,3.0)
:Sending Trackball (ACTION_MOVE): 0:(-5.0,-3.0)
:Sending Trackball (ACTION_MOVE): 0:(1.0,-4.0)
:Sending Trackball (ACTION_MOVE): 0:(-4.0,-1.0)
:Sending Trackball (ACTION_MOVE): 0:(-2.0,-3.0)
:Sending Trackball (ACTION_MOVE): 0:(-5.0,-4.0)
:Sending Trackball (ACTION_MOVE): 0:(-3.0,-4.0)
:Sending Trackball (ACTION_MOVE): 0:(0.0,0.0)
:Sending Trackball (ACTION_MOVE): 0:(1.0,4.0)
:Sending Key (ACTION_DOWN): 82    // KEYCODE_MENU
:Sending Key (ACTION_UP): 82    // KEYCODE_MENU
Sleeping for 500 milliseconds
:Sending Key (ACTION_DOWN): 165    // KEYCODE_INFO
:Sending Key (ACTION_UP): 165    // KEYCODE_INFO
Sleeping for 500 milliseconds
:Sending Key (ACTION_DOWN): 82    // KEYCODE_MENU
:Sending Key (ACTION_UP): 82    // KEYCODE_MENU
Sleeping for 500 milliseconds
:Sending Key (ACTION_DOWN): 82    // KEYCODE_MENU
:Sending Key (ACTION_UP): 82    // KEYCODE_MENU
Sleeping for 500 milliseconds
:Sending Key (ACTION_DOWN): 21    // KEYCODE_DPAD_LEFT
:Sending Key (ACTION_UP): 21    // KEYCODE_DPAD_LEFT
Sleeping for 500 milliseconds
:Sending Key (ACTION_DOWN): 434    // 434
:Sending Key (ACTION_UP): 434    // 434
Sleeping for 500 milliseconds
:Sending Touch (ACTION_DOWN): 0:(196.0,1232.0)
:Sending Touch (ACTION_UP): 0:(198.01988,1221.2115)
Sleeping for 500 milliseconds
:Sending Key (ACTION_DOWN): 21    // KEYCODE_DPAD_LEFT
:Sending Key (ACTION_UP): 21    // KEYCODE_DPAD_LEFT
Sleeping for 500 milliseconds
:Sending Key (ACTION_DOWN): 21    // KEYCODE_DPAD_LEFT
:Sending Key (ACTION_UP): 21    // KEYCODE_DPAD_LEFT
Sleeping for 500 milliseconds
:Sending Key (ACTION_DOWN): 22    // KEYCODE_DPAD_RIGHT
:Sending Key (ACTION_UP): 22    // KEYCODE_DPAD_RIGHT
Sleeping for 500 milliseconds
:Sending Touch (ACTION_DOWN): 0:(996.0,192.0)
:Sending Touch (ACTION_POINTER_DOWN 1): 0:(995.68677,184.61052) 1:(1041.0,582.0)
    //[calendar_time:2018-11-20 22:39:43.656  system_uptime:676962236]
    // Sending event #100
:Sending Touch (ACTION_MOVE): 0:(994.6897,182.39194) 1:(1045.6462,585.9631)
:Sending Touch (ACTION_POINTER_UP 1): 0:(994.4727,175.57013) 1:(1057.4917,587.6825)
:Sending Touch (ACTION_UP): 0:(994.0872,168.7282)
Sleeping for 500 milliseconds
    // activityResuming(com.netease.play)
:Sending Touch (ACTION_DOWN): 0:(433.0,1485.0)
:Sending Touch (ACTION_MOVE): 0:(433.098,1483.4235)
:Sending Touch (ACTION_UP): 0:(448.3653,1482.5453)
Sleeping for 500 milliseconds
    // Allowing start of Intent { cmp=com.netease.play/.privatemsg.PrivateMsgActivity } in package com.netease.play
:Sending Touch (ACTION_DOWN): 0:(295.0,1547.0)
:Sending Touch (ACTION_MOVE): 0:(291.0568,1551.654)
:Sending Touch (ACTION_MOVE): 0:(276.10147,1560.0227)
:Sending Touch (ACTION_MOVE): 0:(265.85632,1568.9747)
:Sending Touch (ACTION_MOVE): 0:(260.41068,1581.4095)
:Sending Touch (ACTION_MOVE): 0:(254.85822,1586.6566)
:Sending Touch (ACTION_MOVE): 0:(239.66196,1589.3147)
:Sending Touch (ACTION_MOVE): 0:(235.74944,1604.3182)
:Sending Touch (ACTION_UP): 0:(231.47948,1605.3988)
Sleeping for 500 milliseconds
:Sending Touch (ACTION_DOWN): 0:(930.0,2026.0)
:Sending Touch (ACTION_UP): 0:(922.6637,2036.9989)
Sleeping for 500 milliseconds
:Sending Trackball (ACTION_MOVE): 0:(-5.0,4.0)
:Sending Trackball (ACTION_MOVE): 0:(2.0,0.0)
:Sending Trackball (ACTION_MOVE): 0:(-5.0,-5.0)
:Sending Trackball (ACTION_MOVE): 0:(4.0,2.0)
:Sending Trackball (ACTION_MOVE): 0:(2.0,-2.0)
:Sending Trackball (ACTION_MOVE): 0:(-4.0,-4.0)
:Sending Trackball (ACTION_MOVE): 0:(4.0,-1.0)
:Sending Trackball (ACTION_MOVE): 0:(1.0,0.0)
:Sending Trackball (ACTION_MOVE): 0:(1.0,-3.0)
:Sending Trackball (ACTION_MOVE): 0:(-1.0,-1.0)
:Sending Key (ACTION_DOWN): 21    // KEYCODE_DPAD_LEFT
:Sending Key (ACTION_UP): 21    // KEYCODE_DPAD_LEFT
Sleeping for 500 milliseconds
:Sending Key (ACTION_DOWN): 19    // KEYCODE_DPAD_UP
:Sending Key (ACTION_UP): 19    // KEYCODE_DPAD_UP
Sleeping for 500 milliseconds
:Sending Touch (ACTION_DOWN): 0:(952.0,754.0)
:Sending Touch (ACTION_MOVE): 0:(952.55585,752.87744)
:Sending Touch (ACTION_MOVE): 0:(958.0109,741.3073)
:Sending Touch (ACTION_MOVE): 0:(960.48126,728.5216)
:Sending Touch (ACTION_MOVE): 0:(961.8962,720.5272)
:Sending Touch (ACTION_MOVE): 0:(964.76514,710.1148)
:Sending Touch (ACTION_UP): 0:(970.6766,703.59265)
Sleeping for 500 milliseconds
:Sending Key (ACTION_DOWN): 21    // KEYCODE_DPAD_LEFT
:Sending Key (ACTION_UP): 21    // KEYCODE_DPAD_LEFT
Sleeping for 500 milliseconds
:Sending Trackball (ACTION_MOVE): 0:(1.0,-1.0)
:Sending Trackball (ACTION_MOVE): 0:(0.0,2.0)
:Sending Trackball (ACTION_MOVE): 0:(1.0,1.0)
:Sending Trackball (ACTION_MOVE): 0:(-1.0,-1.0)
:Sending Trackball (ACTION_MOVE): 0:(4.0,-1.0)
:Sending Trackball (ACTION_MOVE): 0:(-3.0,0.0)
:Sending Trackball (ACTION_MOVE): 0:(-4.0,3.0)
:Sending Trackball (ACTION_MOVE): 0:(1.0,1.0)
:Sending Trackball (ACTION_MOVE): 0:(-5.0,-2.0)
:Sending Trackball (ACTION_MOVE): 0:(4.0,0.0)
:Sending Touch (ACTION_DOWN): 0:(744.0,684.0)
:Sending Touch (ACTION_UP): 0:(753.17664,692.1371)
Sleeping for 500 milliseconds
:Sending Touch (ACTION_DOWN): 0:(695.0,241.0)
:Sending Touch (ACTION_POINTER_DOWN 1): 0:(698.7773,252.64023) 1:(448.0,2171.0)
:Sending Touch (ACTION_MOVE): 0:(704.1874,264.12445) 1:(448.04132,2179.1199)
:Sending Touch (ACTION_MOVE): 0:(715.2482,273.8632) 1:(448.99445,2187.7393)
:Sending Touch (ACTION_MOVE): 0:(719.4521,278.11887) 1:(450.49933,2200.6357)
:Sending Touch (ACTION_MOVE): 0:(730.7343,278.89944) 1:(450.79974,2213.2375)
:Sending Touch (ACTION_MOVE): 0:(745.52313,281.1297) 1:(451.06497,2213.7046)
:Sending Touch (ACTION_POINTER_UP 1): 0:(761.66406,288.65958) 1:(451.63187,2220.0645)
:Sending Touch (ACTION_UP): 0:(770.21063,300.21466)
Sleeping for 500 milliseconds
:Sending Key (ACTION_DOWN): 20    // KEYCODE_DPAD_DOWN
:Sending Key (ACTION_UP): 20    // KEYCODE_DPAD_DOWN
Sleeping for 500 milliseconds
:Sending Touch (ACTION_DOWN): 0:(777.0,555.0)
:Sending Touch (ACTION_UP): 0:(773.4101,553.0278)
Sleeping for 500 milliseconds
:Sending Key (ACTION_DOWN): 23    // KEYCODE_DPAD_CENTER
:Sending Key (ACTION_UP): 23    // KEYCODE_DPAD_CENTER
Sleeping for 500 milliseconds
:Sending Key (ACTION_DOWN): 82    // KEYCODE_MENU
:Sending Key (ACTION_UP): 82    // KEYCODE_MENU
Sleeping for 500 milliseconds
:Sending Trackball (ACTION_MOVE): 0:(-3.0,1.0)
:Sending Trackball (ACTION_MOVE): 0:(-5.0,0.0)
:Sending Trackball (ACTION_MOVE): 0:(-4.0,4.0)
:Sending Trackball (ACTION_MOVE): 0:(0.0,4.0)
:Sending Trackball (ACTION_MOVE): 0:(2.0,3.0)
:Sending Trackball (ACTION_MOVE): 0:(2.0,3.0)
:Sending Trackball (ACTION_MOVE): 0:(-5.0,4.0)
:Sending Trackball (ACTION_MOVE): 0:(-4.0,3.0)
:Sending Trackball (ACTION_MOVE): 0:(1.0,3.0)
:Sending Trackball (ACTION_MOVE): 0:(2.0,-4.0)
:Sending Touch (ACTION_DOWN): 0:(1000.0,1346.0)
:Sending Touch (ACTION_MOVE): 0:(1011.1739,1346.0366)
:Sending Touch (ACTION_MOVE): 0:(1023.6209,1346.0366)
:Sending Touch (ACTION_MOVE): 0:(1038.4661,1346.1381)
:Sending Touch (ACTION_MOVE): 0:(1046.7631,1346.1975)
:Sending Touch (ACTION_UP): 0:(1059.2283,1346.2103)
Sleeping for 500 milliseconds
:Sending Touch (ACTION_DOWN): 0:(582.0,1846.0)
:Sending Touch (ACTION_MOVE): 0:(582.79376,1848.276)
:Sending Touch (ACTION_MOVE): 0:(584.7492,1852.1825)
:Sending Touch (ACTION_UP): 0:(590.4926,1852.6816)
Sleeping for 500 milliseconds
:Sending Key (ACTION_DOWN): 20    // KEYCODE_DPAD_DOWN
:Sending Key (ACTION_UP): 20    // KEYCODE_DPAD_DOWN
Sleeping for 500 milliseconds
:Switch: #Intent;action=android.intent.action.MAIN;category=android.intent.category.LAUNCHER;launchFlags=0x10200000;component=com.netease.play/.appstart.LoadingActivity;end
    // Allowing start of Intent { act=android.intent.action.MAIN cat=[android.intent.category.LAUNCHER] cmp=com.netease.play/.appstart.LoadingActivity } in package com.netease.play
Sleeping for 500 milliseconds
:Sending Key (ACTION_DOWN): 21    // KEYCODE_DPAD_LEFT
:Sending Key (ACTION_UP): 21    // KEYCODE_DPAD_LEFT
Sleeping for 500 milliseconds
:Sending Key (ACTION_DOWN): 23    // KEYCODE_DPAD_CENTER
:Sending Key (ACTION_UP): 23    // KEYCODE_DPAD_CENTER
Sleeping for 500 milliseconds
:Sending Trackball (ACTION_MOVE): 0:(-5.0,-3.0)
:Sending Trackball (ACTION_MOVE): 0:(3.0,-5.0)
:Sending Trackball (ACTION_MOVE): 0:(-3.0,-4.0)
:Sending Trackball (ACTION_MOVE): 0:(0.0,1.0)
    //[calendar_time:2018-11-20 22:39:54.182  system_uptime:676972759]
    // Sending event #200
:Sending Trackball (ACTION_MOVE): 0:(-2.0,-5.0)
:Sending Trackball (ACTION_MOVE): 0:(4.0,2.0)
:Sending Trackball (ACTION_MOVE): 0:(-5.0,-4.0)
:Sending Trackball (ACTION_MOVE): 0:(0.0,-5.0)
:Sending Trackball (ACTION_MOVE): 0:(0.0,-4.0)
:Sending Trackball (ACTION_MOVE): 0:(2.0,-5.0)
:Sending Key (ACTION_DOWN): 523    // 523
:Sending Key (ACTION_UP): 523    // 523
Sleeping for 500 milliseconds
:Sending Touch (ACTION_DOWN): 0:(657.0,463.0)
:Sending Touch (ACTION_UP): 0:(669.47656,482.02826)
Sleeping for 500 milliseconds
:Sending Key (ACTION_DOWN): 378    // 378
:Sending Key (ACTION_UP): 378    // 378
Sleeping for 500 milliseconds
:Sending Touch (ACTION_DOWN): 0:(449.0,1961.0)
:Sending Touch (ACTION_UP): 0:(461.56522,1942.7122)
Sleeping for 500 milliseconds
:Sending Trackball (ACTION_MOVE): 0:(-4.0,0.0)
:Sending Trackball (ACTION_MOVE): 0:(-1.0,3.0)
:Sending Trackball (ACTION_MOVE): 0:(2.0,3.0)
:Sending Trackball (ACTION_MOVE): 0:(-5.0,-5.0)
:Sending Trackball (ACTION_MOVE): 0:(-4.0,-2.0)
:Sending Trackball (ACTION_MOVE): 0:(0.0,3.0)
:Sending Trackball (ACTION_MOVE): 0:(-3.0,-1.0)
:Sending Trackball (ACTION_MOVE): 0:(0.0,-4.0)
:Sending Trackball (ACTION_MOVE): 0:(2.0,3.0)
:Sending Trackball (ACTION_MOVE): 0:(0.0,0.0)
:Sending Touch (ACTION_DOWN): 0:(403.0,1794.0)
:Sending Touch (ACTION_UP): 0:(402.95068,1792.9279)
Sleeping for 500 milliseconds
:Sending Key (ACTION_DOWN): 335    // 335
:Sending Key (ACTION_UP): 335    // 335
Sleeping for 500 milliseconds
:Sending Trackball (ACTION_MOVE): 0:(-2.0,-4.0)
:Sending Trackball (ACTION_MOVE): 0:(-1.0,2.0)
:Sending Trackball (ACTION_MOVE): 0:(-5.0,0.0)
:Sending Trackball (ACTION_MOVE): 0:(-1.0,3.0)
:Sending Trackball (ACTION_MOVE): 0:(-1.0,0.0)
:Sending Trackball (ACTION_MOVE): 0:(1.0,4.0)
:Sending Trackball (ACTION_MOVE): 0:(1.0,-4.0)
:Sending Trackball (ACTION_MOVE): 0:(4.0,2.0)
:Sending Trackball (ACTION_MOVE): 0:(0.0,2.0)
:Sending Trackball (ACTION_MOVE): 0:(4.0,1.0)
:Sending Key (ACTION_DOWN): 24    // KEYCODE_VOLUME_UP
:Sending Key (ACTION_UP): 24    // KEYCODE_VOLUME_UP
Sleeping for 500 milliseconds
:Sending Key (ACTION_DOWN): 612    // 612
:Sending Key (ACTION_UP): 612    // 612
Sleeping for 500 milliseconds
:Sending Key (ACTION_DOWN): 23    // KEYCODE_DPAD_CENTER
:Sending Key (ACTION_UP): 23    // KEYCODE_DPAD_CENTER
Sleeping for 500 milliseconds
:Sending Key (ACTION_DOWN): 19    // KEYCODE_DPAD_UP
:Sending Key (ACTION_UP): 19    // KEYCODE_DPAD_UP
Sleeping for 500 milliseconds
:Sending Key (ACTION_DOWN): 19    // KEYCODE_DPAD_UP
:Sending Key (ACTION_UP): 19    // KEYCODE_DPAD_UP
Sleeping for 500 milliseconds
:Sending Key (ACTION_DOWN): 661    // 661
:Sending Key (ACTION_UP): 661    // 661
Sleeping for 500 milliseconds
:Sending Key (ACTION_DOWN): 567    // 567
:Sending Key (ACTION_UP): 567    // 567
Sleeping for 500 milliseconds
:Sending Touch (ACTION_DOWN): 0:(424.0,1757.0)
:Sending Touch (ACTION_POINTER_DOWN 1): 0:(437.43262,1766.8866) 1:(328.0,1322.0)
:Sending Touch (ACTION_MOVE): 0:(446.7838,1771.098) 1:(334.1478,1328.8397)
:Sending Touch (ACTION_MOVE): 0:(456.2008,1774.5044) 1:(336.7939,1332.2788)
:Sending Touch (ACTION_MOVE): 0:(460.81757,1782.5713) 1:(336.92938,1344.3376)
:Sending Touch (ACTION_MOVE): 0:(462.62668,1795.1696) 1:(346.18796,1358.8619)
:Sending Touch (ACTION_MOVE): 0:(469.88602,1808.1738) 1:(362.16315,1369.3754)
:Sending Touch (ACTION_MOVE): 0:(477.1357,1815.833) 1:(372.10492,1379.9966)
:Sending Touch (ACTION_MOVE): 0:(486.10098,1821.071) 1:(376.3664,1380.7496)
:Sending Touch (ACTION_MOVE): 0:(501.56705,1827.7218) 1:(392.14337,1381.3109)
:Sending Touch (ACTION_POINTER_UP 1): 0:(506.57147,1841.1763) 1:(406.00888,1387.1997)
:Sending Touch (ACTION_UP): 0:(519.5365,1846.9623)
Sleeping for 500 milliseconds
:Sending Trackball (ACTION_MOVE): 0:(-4.0,-1.0)
:Sending Trackball (ACTION_MOVE): 0:(0.0,-2.0)
:Sending Trackball (ACTION_MOVE): 0:(-4.0,-5.0)
:Sending Trackball (ACTION_MOVE): 0:(0.0,0.0)
:Sending Trackball (ACTION_MOVE): 0:(2.0,-1.0)
:Sending Trackball (ACTION_MOVE): 0:(0.0,3.0)
:Sending Trackball (ACTION_MOVE): 0:(-1.0,-2.0)
:Sending Trackball (ACTION_MOVE): 0:(-1.0,-2.0)
:Sending Trackball (ACTION_MOVE): 0:(2.0,2.0)
:Sending Trackball (ACTION_MOVE): 0:(-5.0,1.0)
:Sending Key (ACTION_DOWN): 82    // KEYCODE_MENU
:Sending Key (ACTION_UP): 82    // KEYCODE_MENU
Sleeping for 500 milliseconds
:Sending Key (ACTION_DOWN): 20    // KEYCODE_DPAD_DOWN
:Sending Key (ACTION_UP): 20    // KEYCODE_DPAD_DOWN
Sleeping for 500 milliseconds
:Sending Key (ACTION_DOWN): 23    // KEYCODE_DPAD_CENTER
:Sending Key (ACTION_UP): 23    // KEYCODE_DPAD_CENTER
Sleeping for 500 milliseconds
:Sending Touch (ACTION_DOWN): 0:(268.0,1861.0)
:Sending Touch (ACTION_UP): 0:(262.43,1868.3383)
Sleeping for 500 milliseconds
:Sending Key (ACTION_DOWN): 82    // KEYCODE_MENU
:Sending Key (ACTION_UP): 82    // KEYCODE_MENU
Sleeping for 500 milliseconds
:Sending Touch (ACTION_DOWN): 0:(949.0,1108.0)
:Sending Touch (ACTION_MOVE): 0:(951.9683,1104.453)
:Sending Touch (ACTION_MOVE): 0:(954.12897,1098.8728)
:Sending Touch (ACTION_MOVE): 0:(957.0553,1090.1726)
:Sending Touch (ACTION_MOVE): 0:(958.2759,1082.6849)
:Sending Touch (ACTION_MOVE): 0:(966.9868,1079.3815)
:Sending Touch (ACTION_MOVE): 0:(977.1661,1075.8556)
:Sending Touch (ACTION_MOVE): 0:(980.0754,1073.0553)
:Sending Touch (ACTION_MOVE): 0:(990.3159,1057.3497)
:Sending Touch (ACTION_MOVE): 0:(1006.4128,1048.129)
:Sending Touch (ACTION_UP): 0:(1015.165,1042.7015)
Sleeping for 500 milliseconds
:Sending Key (ACTION_DOWN): 693    // 693
:Sending Key (ACTION_UP): 693    // 693
Sleeping for 500 milliseconds
:Sending Key (ACTION_DOWN): 23    // KEYCODE_DPAD_CENTER
:Sending Key (ACTION_UP): 23    // KEYCODE_DPAD_CENTER
Sleeping for 500 milliseconds
:Sending Touch (ACTION_DOWN): 0:(236.0,2087.0)
    //[calendar_time:2018-11-20 22:40:05.858  system_uptime:676984435]
    // Sending event #300
:Sending Touch (ACTION_UP): 0:(241.25435,2084.777)
Sleeping for 500 milliseconds
:Sending Touch (ACTION_DOWN): 0:(400.0,2232.0)
:Sending Touch (ACTION_UP): 0:(418.40134,2242.2998)
Sleeping for 500 milliseconds
:Sending Flip keyboardOpen=false
Got IOException performing flipjava.io.IOException: write failed: EINVAL (Invalid argument)
    // Injection Failed
Sleeping for 500 milliseconds
:Sending Key (ACTION_DOWN): 23    // KEYCODE_DPAD_CENTER
:Sending Key (ACTION_UP): 23    // KEYCODE_DPAD_CENTER
Sleeping for 500 milliseconds
:Sending Key (ACTION_DOWN): 246    // KEYCODE_TV_INPUT_HDMI_4
:Sending Key (ACTION_UP): 246    // KEYCODE_TV_INPUT_HDMI_4
Sleeping for 500 milliseconds
:Sending Key (ACTION_DOWN): 201    // KEYCODE_BUTTON_14
:Sending Key (ACTION_UP): 201    // KEYCODE_BUTTON_14
Sleeping for 500 milliseconds
:Sending Trackball (ACTION_MOVE): 0:(-5.0,-2.0)
:Sending Trackball (ACTION_MOVE): 0:(0.0,4.0)
:Sending Trackball (ACTION_MOVE): 0:(-1.0,2.0)
:Sending Trackball (ACTION_MOVE): 0:(-1.0,0.0)
:Sending Trackball (ACTION_MOVE): 0:(-2.0,4.0)
:Sending Trackball (ACTION_MOVE): 0:(-3.0,-5.0)
:Sending Trackball (ACTION_MOVE): 0:(1.0,-1.0)
:Sending Trackball (ACTION_MOVE): 0:(1.0,1.0)
:Sending Trackball (ACTION_MOVE): 0:(2.0,1.0)
:Sending Trackball (ACTION_MOVE): 0:(4.0,-3.0)
:Sending Trackball (ACTION_DOWN): 0:(0.0,0.0)
:Sending Trackball (ACTION_UP): 0:(0.0,0.0)
Sleeping for 500 milliseconds
:Sending Touch (ACTION_DOWN): 0:(44.0,480.0)
:Sending Touch (ACTION_POINTER_DOWN 1): 0:(45.301716,483.74454) 1:(858.0,674.0)
:Sending Touch (ACTION_MOVE): 0:(45.367733,490.64502) 1:(857.933,684.06616)
:Sending Touch (ACTION_MOVE): 0:(46.73597,493.91177) 1:(857.69586,688.6055)
:Sending Touch (ACTION_MOVE): 0:(49.168888,503.44653) 1:(857.066,690.3475)
:Sending Touch (ACTION_MOVE): 0:(51.207752,511.36996) 1:(854.6906,691.6081)
:Sending Touch (ACTION_MOVE): 0:(51.821056,512.4876) 1:(852.9099,692.975)
:Sending Touch (ACTION_MOVE): 0:(52.342915,520.5907) 1:(852.8133,698.15454)
:Sending Touch (ACTION_MOVE): 0:(52.665302,522.9952) 1:(850.8626,708.154)
:Sending Touch (ACTION_POINTER_UP 1): 0:(54.321953,532.80273) 1:(850.82556,711.20233)
:Sending Touch (ACTION_UP): 0:(54.621758,537.217)
Sleeping for 500 milliseconds
:Sending Touch (ACTION_DOWN): 0:(546.0,1697.0)
:Sending Touch (ACTION_UP): 0:(540.6587,1698.3052)
Sleeping for 500 milliseconds
:Sending Key (ACTION_DOWN): 20    // KEYCODE_DPAD_DOWN
:Sending Key (ACTION_UP): 20    // KEYCODE_DPAD_DOWN
Sleeping for 500 milliseconds
:Sending Key (ACTION_DOWN): 21    // KEYCODE_DPAD_LEFT
:Sending Key (ACTION_UP): 21    // KEYCODE_DPAD_LEFT
Sleeping for 500 milliseconds
:Sending Key (ACTION_DOWN): 23    // KEYCODE_DPAD_CENTER
:Sending Key (ACTION_UP): 23    // KEYCODE_DPAD_CENTER
Sleeping for 500 milliseconds
:Sending Trackball (ACTION_MOVE): 0:(0.0,3.0)
:Sending Trackball (ACTION_MOVE): 0:(-3.0,-1.0)
:Sending Trackball (ACTION_MOVE): 0:(1.0,-5.0)
:Sending Trackball (ACTION_MOVE): 0:(1.0,0.0)
:Sending Trackball (ACTION_MOVE): 0:(3.0,0.0)
:Sending Trackball (ACTION_MOVE): 0:(2.0,3.0)
:Sending Trackball (ACTION_MOVE): 0:(4.0,-5.0)
:Sending Trackball (ACTION_MOVE): 0:(4.0,4.0)
:Sending Trackball (ACTION_MOVE): 0:(-5.0,-2.0)
:Sending Trackball (ACTION_MOVE): 0:(2.0,2.0)
:Sending Key (ACTION_DOWN): 23    // KEYCODE_DPAD_CENTER
:Sending Key (ACTION_UP): 23    // KEYCODE_DPAD_CENTER
Sleeping for 500 milliseconds
:Sending Key (ACTION_DOWN): 19    // KEYCODE_DPAD_UP
:Sending Key (ACTION_UP): 19    // KEYCODE_DPAD_UP
Sleeping for 500 milliseconds
:Sending Key (ACTION_DOWN): 22    // KEYCODE_DPAD_RIGHT
:Sending Key (ACTION_UP): 22    // KEYCODE_DPAD_RIGHT
Sleeping for 500 milliseconds
:Sending Key (ACTION_DOWN): 82    // KEYCODE_MENU
:Sending Key (ACTION_UP): 82    // KEYCODE_MENU
Sleeping for 500 milliseconds
:Sending Key (ACTION_DOWN): 82    // KEYCODE_MENU
:Sending Key (ACTION_UP): 82    // KEYCODE_MENU
Sleeping for 500 milliseconds
:Sending Key (ACTION_DOWN): 82    // KEYCODE_MENU
:Sending Key (ACTION_UP): 82    // KEYCODE_MENU
Sleeping for 500 milliseconds
:Sending Key (ACTION_DOWN): 22    // KEYCODE_DPAD_RIGHT
:Sending Key (ACTION_UP): 22    // KEYCODE_DPAD_RIGHT
Sleeping for 500 milliseconds
:Sending Key (ACTION_DOWN): 82    // KEYCODE_MENU
:Sending Key (ACTION_UP): 82    // KEYCODE_MENU
Sleeping for 500 milliseconds
:Sending Touch (ACTION_DOWN): 0:(340.0,1624.0)
:Sending Touch (ACTION_UP): 0:(330.49838,1627.7812)
Sleeping for 500 milliseconds
:Sending Trackball (ACTION_MOVE): 0:(-4.0,-1.0)
:Sending Trackball (ACTION_MOVE): 0:(0.0,-3.0)
:Sending Trackball (ACTION_MOVE): 0:(-2.0,3.0)
:Sending Trackball (ACTION_MOVE): 0:(0.0,-3.0)
:Sending Trackball (ACTION_MOVE): 0:(-2.0,1.0)
:Sending Trackball (ACTION_MOVE): 0:(2.0,-3.0)
:Sending Trackball (ACTION_MOVE): 0:(-1.0,-1.0)
:Sending Trackball (ACTION_MOVE): 0:(2.0,-3.0)
:Sending Trackball (ACTION_MOVE): 0:(-5.0,2.0)
:Sending Trackball (ACTION_MOVE): 0:(-2.0,0.0)
:Sending Key (ACTION_DOWN): 20    // KEYCODE_DPAD_DOWN
:Sending Key (ACTION_UP): 20    // KEYCODE_DPAD_DOWN
Sleeping for 500 milliseconds
:Sending Key (ACTION_DOWN): 23    // KEYCODE_DPAD_CENTER
:Sending Key (ACTION_UP): 23    // KEYCODE_DPAD_CENTER
Sleeping for 500 milliseconds
:Sending Key (ACTION_DOWN): 21    // KEYCODE_DPAD_LEFT
:Sending Key (ACTION_UP): 21    // KEYCODE_DPAD_LEFT
Sleeping for 500 milliseconds
:Sending Touch (ACTION_DOWN): 0:(985.0,2198.0)
:Sending Touch (ACTION_MOVE): 0:(981.77405,2197.8696)
:Sending Touch (ACTION_MOVE): 0:(980.9986,2196.8862)
:Sending Touch (ACTION_MOVE): 0:(978.4724,2193.4448)
:Sending Touch (ACTION_MOVE): 0:(977.25104,2186.2087)
:Sending Touch (ACTION_MOVE): 0:(975.95825,2181.232)
:Sending Touch (ACTION_MOVE): 0:(974.2117,2177.2563)
:Sending Touch (ACTION_MOVE): 0:(971.2182,2172.9465)
:Sending Touch (ACTION_MOVE): 0:(969.232,2169.2634)
:Sending Touch (ACTION_MOVE): 0:(968.23175,2166.6592)
:Sending Touch (ACTION_UP): 0:(968.06274,2163.168)
Sleeping for 500 milliseconds
:Sending Key (ACTION_DOWN): 22    // KEYCODE_DPAD_RIGHT
:Sending Key (ACTION_UP): 22    // KEYCODE_DPAD_RIGHT
Sleeping for 500 milliseconds
:Sending Touch (ACTION_DOWN): 0:(19.0,612.0)
:Sending Touch (ACTION_MOVE): 0:(24.333021,620.69104)
    //[calendar_time:2018-11-20 22:40:19.405  system_uptime:676997983]
    // Sending event #400
:Sending Touch (ACTION_MOVE): 0:(27.114212,633.4224)
:Sending Touch (ACTION_MOVE): 0:(30.593151,647.4962)
:Sending Touch (ACTION_MOVE): 0:(31.71343,651.85297)
:Sending Touch (ACTION_MOVE): 0:(31.762703,660.72943)
:Sending Touch (ACTION_MOVE): 0:(32.001217,668.9582)
:Sending Touch (ACTION_UP): 0:(34.548977,669.48553)
Sleeping for 500 milliseconds
:Sending Trackball (ACTION_MOVE): 0:(-2.0,0.0)
:Sending Trackball (ACTION_MOVE): 0:(-4.0,-1.0)
:Sending Trackball (ACTION_MOVE): 0:(-5.0,-3.0)
:Sending Trackball (ACTION_MOVE): 0:(-3.0,0.0)
:Sending Trackball (ACTION_MOVE): 0:(-3.0,1.0)
:Sending Trackball (ACTION_MOVE): 0:(-1.0,-5.0)
:Sending Trackball (ACTION_MOVE): 0:(-2.0,3.0)
:Sending Trackball (ACTION_MOVE): 0:(1.0,4.0)
:Sending Trackball (ACTION_MOVE): 0:(1.0,-2.0)
:Sending Trackball (ACTION_MOVE): 0:(1.0,-4.0)
:Sending Key (ACTION_DOWN): 67    // KEYCODE_DEL
:Sending Key (ACTION_UP): 67    // KEYCODE_DEL
Sleeping for 500 milliseconds
:Sending Key (ACTION_DOWN): 22    // KEYCODE_DPAD_RIGHT
:Sending Key (ACTION_UP): 22    // KEYCODE_DPAD_RIGHT
Sleeping for 500 milliseconds
:Sending Key (ACTION_DOWN): 20    // KEYCODE_DPAD_DOWN
:Sending Key (ACTION_UP): 20    // KEYCODE_DPAD_DOWN
Sleeping for 500 milliseconds
:Sending Trackball (ACTION_MOVE): 0:(-1.0,-5.0)
:Sending Trackball (ACTION_MOVE): 0:(1.0,-1.0)
:Sending Trackball (ACTION_MOVE): 0:(3.0,-3.0)
:Sending Trackball (ACTION_MOVE): 0:(-4.0,-4.0)
:Sending Trackball (ACTION_MOVE): 0:(-2.0,1.0)
:Sending Trackball (ACTION_MOVE): 0:(-1.0,0.0)
:Sending Trackball (ACTION_MOVE): 0:(2.0,2.0)
:Sending Trackball (ACTION_MOVE): 0:(3.0,0.0)
:Sending Trackball (ACTION_MOVE): 0:(-2.0,4.0)
:Sending Trackball (ACTION_MOVE): 0:(-5.0,2.0)
:Sending Touch (ACTION_DOWN): 0:(824.0,815.0)
:Sending Touch (ACTION_UP): 0:(834.39105,804.9718)
Sleeping for 500 milliseconds
:Sending Key (ACTION_DOWN): 525    // 525
:Sending Key (ACTION_UP): 525    // 525
Sleeping for 500 milliseconds
:Switch: #Intent;action=android.intent.action.MAIN;category=android.intent.category.LAUNCHER;launchFlags=0x10200000;component=com.netease.play/.appstart.LoadingActivity;end
    // Allowing start of Intent { act=android.intent.action.MAIN cat=[android.intent.category.LAUNCHER] cmp=com.netease.play/.appstart.LoadingActivity } in package com.netease.play
Sleeping for 500 milliseconds
:Sending Key (ACTION_DOWN): 234    // KEYCODE_TV_NUMBER_ENTRY
:Sending Key (ACTION_UP): 234    // KEYCODE_TV_NUMBER_ENTRY
Sleeping for 500 milliseconds
:Sending Touch (ACTION_DOWN): 0:(42.0,85.0)
:Sending Touch (ACTION_POINTER_DOWN 1): 0:(24.233765,103.82118) 1:(928.0,781.0)
:Sending Touch (ACTION_MOVE): 0:(8.750316,108.97129) 1:(937.64923,780.60376)
:Sending Touch (ACTION_MOVE): 0:(3.3572593,119.110405) 1:(956.22626,779.38)
:Sending Touch (ACTION_MOVE): 0:(0.0,120.7061) 1:(967.5837,778.53143)
:Sending Touch (ACTION_MOVE): 0:(0.0,135.41527) 1:(976.6737,778.0964)
:Sending Touch (ACTION_MOVE): 0:(0.0,146.23079) 1:(977.2209,777.35645)
:Sending Touch (ACTION_MOVE): 0:(0.0,164.11404) 1:(995.63983,776.2556)
:Sending Touch (ACTION_MOVE): 0:(0.0,172.52419) 1:(1013.42487,775.5513)
:Sending Touch (ACTION_MOVE): 0:(0.0,191.12367) 1:(1029.8025,774.21466)
:Sending Touch (ACTION_MOVE): 0:(0.0,201.4195) 1:(1042.0411,773.05096)
:Sending Touch (ACTION_POINTER_UP 1): 0:(0.0,215.8212) 1:(1055.4005,772.87866)
:Sending Touch (ACTION_UP): 0:(0.0,222.94777)
Sleeping for 500 milliseconds
:Sending Trackball (ACTION_MOVE): 0:(1.0,-5.0)
:Sending Trackball (ACTION_MOVE): 0:(0.0,2.0)
:Sending Trackball (ACTION_MOVE): 0:(3.0,-2.0)
:Sending Trackball (ACTION_MOVE): 0:(-5.0,0.0)
:Sending Trackball (ACTION_MOVE): 0:(4.0,1.0)
:Sending Trackball (ACTION_MOVE): 0:(-3.0,-3.0)
:Sending Trackball (ACTION_MOVE): 0:(4.0,4.0)
:Sending Trackball (ACTION_MOVE): 0:(2.0,2.0)
:Sending Trackball (ACTION_MOVE): 0:(-2.0,2.0)
:Sending Trackball (ACTION_MOVE): 0:(-5.0,-4.0)
:Sending Trackball (ACTION_MOVE): 0:(-3.0,1.0)
:Sending Trackball (ACTION_MOVE): 0:(2.0,0.0)
:Sending Trackball (ACTION_MOVE): 0:(-4.0,-1.0)
:Sending Trackball (ACTION_MOVE): 0:(0.0,2.0)
:Sending Trackball (ACTION_MOVE): 0:(4.0,-5.0)
:Sending Trackball (ACTION_MOVE): 0:(-1.0,-2.0)
:Sending Trackball (ACTION_MOVE): 0:(2.0,1.0)
:Sending Trackball (ACTION_MOVE): 0:(-4.0,3.0)
:Sending Trackball (ACTION_MOVE): 0:(-3.0,-4.0)
:Sending Trackball (ACTION_MOVE): 0:(-2.0,4.0)
:Sending Key (ACTION_DOWN): 20    // KEYCODE_DPAD_DOWN
:Sending Key (ACTION_UP): 20    // KEYCODE_DPAD_DOWN
Sleeping for 500 milliseconds
:Sending Key (ACTION_DOWN): 82    // KEYCODE_MENU
:Sending Key (ACTION_UP): 82    // KEYCODE_MENU
Sleeping for 500 milliseconds
:Sending Key (ACTION_DOWN): 296    // KEYCODE_KEYCODE_FINGERPRINT_DOUBLECLICK
:Sending Key (ACTION_UP): 296    // KEYCODE_KEYCODE_FINGERPRINT_DOUBLECLICK
Sleeping for 500 milliseconds
:Sending Touch (ACTION_DOWN): 0:(734.0,745.0)
:Sending Touch (ACTION_MOVE): 0:(741.93353,742.46716)
:Sending Touch (ACTION_MOVE): 0:(744.4293,734.61163)
:Sending Touch (ACTION_MOVE): 0:(748.36304,729.49554)
:Sending Touch (ACTION_MOVE): 0:(750.4647,729.0196)
:Sending Touch (ACTION_MOVE): 0:(757.93475,715.0431)
:Sending Touch (ACTION_MOVE): 0:(764.58185,707.52936)
:Sending Touch (ACTION_MOVE): 0:(768.0169,706.8533)
:Sending Touch (ACTION_MOVE): 0:(770.99084,692.5083)
:Sending Touch (ACTION_MOVE): 0:(772.17505,686.3071)
:Sending Touch (ACTION_UP): 0:(775.4584,673.4859)
Sleeping for 500 milliseconds
:Sending Key (ACTION_DOWN): 22    // KEYCODE_DPAD_RIGHT
:Sending Key (ACTION_UP): 22    // KEYCODE_DPAD_RIGHT
Sleeping for 500 milliseconds
:Sending Key (ACTION_DOWN): 227    // KEYCODE_11
:Sending Key (ACTION_UP): 227    // KEYCODE_11
Sleeping for 500 milliseconds
:Sending Key (ACTION_DOWN): 19    // KEYCODE_DPAD_UP
:Sending Key (ACTION_UP): 19    // KEYCODE_DPAD_UP
Sleeping for 500 milliseconds
:Sending Trackball (ACTION_MOVE): 0:(4.0,3.0)
:Sending Trackball (ACTION_MOVE): 0:(2.0,-4.0)
:Sending Trackball (ACTION_MOVE): 0:(0.0,4.0)
:Sending Trackball (ACTION_MOVE): 0:(-4.0,3.0)
:Sending Trackball (ACTION_MOVE): 0:(3.0,-4.0)
Events injected: 500
:Sending rotation degree=0, persist=false
:Dropped: keys=0 pointers=0 trackballs=0 flips=1 rotations=0
## Network stats: elapsed time=56202ms (0ms mobile, 0ms wifi, 56202ms not connected)
// Monkey finished
